CRITICAL - 2022-06-04 19:39:02 --> Call to undefined function App\Controllers\findAll()
in APPPATH\Controllers\Investor.php on line 24.
 1 SYSTEMPATH\CodeIgniter.php(898): App\Controllers\Investor->index()
 2 SYSTEMPATH\CodeIgniter.php(468): CodeIgniter\CodeIgniter->runController(Object(App\Controllers\Investor))
 3 SYSTEMPATH\CodeIgniter.php(351): CodeIgniter\CodeIgniter->handleRequest(null, Object(Config\Cache), false)
 4 FCPATH\index.php(55): CodeIgniter\CodeIgniter->run()
 5 SYSTEMPATH\Commands\Server\rewrite.php(43): require_once('FCPATH\\index.php')
CRITICAL - 2022-06-04 19:48:22 --> Undefined variable: invest
in APPPATH\Controllers\Investor.php on line 25.
 1 APPPATH\Controllers\Investor.php(25): CodeIgniter\Debug\Exceptions->errorHandler(8, 'Undefined variable: invest', 'APPPATH\\Controllers\\Investor.php', 25, [])
 2 SYSTEMPATH\CodeIgniter.php(898): App\Controllers\Investor->index()
 3 SYSTEMPATH\CodeIgniter.php(468): CodeIgniter\CodeIgniter->runController(Object(App\Controllers\Investor))
 4 SYSTEMPATH\CodeIgniter.php(351): CodeIgniter\CodeIgniter->handleRequest(null, Object(Config\Cache), false)
 5 FCPATH\index.php(55): CodeIgniter\CodeIgniter->run()
 6 SYSTEMPATH\Commands\Server\rewrite.php(43): require_once('FCPATH\\index.php')
CRITICAL - 2022-06-04 19:49:00 --> Undefined variable: invest
in APPPATH\Controllers\Investor.php on line 25.
 1 APPPATH\Controllers\Investor.php(25): CodeIgniter\Debug\Exceptions->errorHandler(8, 'Undefined variable: invest', 'APPPATH\\Controllers\\Investor.php', 25, [])
 2 SYSTEMPATH\CodeIgniter.php(898): App\Controllers\Investor->index()
 3 SYSTEMPATH\CodeIgniter.php(468): CodeIgniter\CodeIgniter->runController(Object(App\Controllers\Investor))
 4 SYSTEMPATH\CodeIgniter.php(351): CodeIgniter\CodeIgniter->handleRequest(null, Object(Config\Cache), false)
 5 FCPATH\index.php(55): CodeIgniter\CodeIgniter->run()
 6 SYSTEMPATH\Commands\Server\rewrite.php(43): require_once('FCPATH\\index.php')
CRITICAL - 2022-06-04 19:49:57 --> Undefined variable: investor
in APPPATH\Controllers\Investor.php on line 25.
 1 APPPATH\Controllers\Investor.php(25): CodeIgniter\Debug\Exceptions->errorHandler(8, 'Undefined variable: investor', 'APPPATH\\Controllers\\Investor.php', 25, [])
 2 SYSTEMPATH\CodeIgniter.php(898): App\Controllers\Investor->index()
 3 SYSTEMPATH\CodeIgniter.php(468): CodeIgniter\CodeIgniter->runController(Object(App\Controllers\Investor))
 4 SYSTEMPATH\CodeIgniter.php(351): CodeIgniter\CodeIgniter->handleRequest(null, Object(Config\Cache), false)
 5 FCPATH\index.php(55): CodeIgniter\CodeIgniter->run()
 6 SYSTEMPATH\Commands\Server\rewrite.php(43): require_once('FCPATH\\index.php')
CRITICAL - 2022-06-04 19:50:47 --> Undefined variable: invest
in APPPATH\Controllers\Investor.php on line 31.
 1 APPPATH\Controllers\Investor.php(31): CodeIgniter\Debug\Exceptions->errorHandler(8, 'Undefined variable: invest', 'APPPATH\\Controllers\\Investor.php', 31, [...])
 2 SYSTEMPATH\CodeIgniter.php(898): App\Controllers\Investor->index()
 3 SYSTEMPATH\CodeIgniter.php(468): CodeIgniter\CodeIgniter->runController(Object(App\Controllers\Investor))
 4 SYSTEMPATH\CodeIgniter.php(351): CodeIgniter\CodeIgniter->handleRequest(null, Object(Config\Cache), false)
 5 FCPATH\index.php(55): CodeIgniter\CodeIgniter->run()
 6 SYSTEMPATH\Commands\Server\rewrite.php(43): require_once('FCPATH\\index.php')
CRITICAL - 2022-06-04 20:37:56 --> Undefined variable: news
in APPPATH\Views\about.php on line 303.
 1 APPPATH\Views\about.php(303): CodeIgniter\Debug\Exceptions->errorHandler(8, 'Undefined variable: news', 'APPPATH\\Views\\about.php', 303, [...])
 2 SYSTEMPATH\View\View.php(213): include('APPPATH\\Views\\about.php')
 3 SYSTEMPATH\View\View.php(216): CodeIgniter\View\View->CodeIgniter\View\{closure}()
 4 SYSTEMPATH\Common.php(1135): CodeIgniter\View\View->render('about', [], true)
 5 APPPATH\Controllers\Investor.php(33): view('about', [...])
 6 SYSTEMPATH\CodeIgniter.php(898): App\Controllers\Investor->index()
 7 SYSTEMPATH\CodeIgniter.php(468): CodeIgniter\CodeIgniter->runController(Object(App\Controllers\Investor))
 8 SYSTEMPATH\CodeIgniter.php(351): CodeIgniter\CodeIgniter->handleRequest(null, Object(Config\Cache), false)
 9 FCPATH\index.php(55): CodeIgniter\CodeIgniter->run()
10 SYSTEMPATH\Commands\Server\rewrite.php(43): require_once('FCPATH\\index.php')
CRITICAL - 2022-06-04 20:39:33 --> Undefined variable: news
in APPPATH\Views\about.php on line 303.
 1 APPPATH\Views\about.php(303): CodeIgniter\Debug\Exceptions->errorHandler(8, 'Undefined variable: news', 'APPPATH\\Views\\about.php', 303, [...])
 2 SYSTEMPATH\View\View.php(213): include('APPPATH\\Views\\about.php')
 3 SYSTEMPATH\View\View.php(216): CodeIgniter\View\View->CodeIgniter\View\{closure}()
 4 SYSTEMPATH\Common.php(1135): CodeIgniter\View\View->render('about', [], true)
 5 APPPATH\Controllers\Investor.php(33): view('about', [...])
 6 SYSTEMPATH\CodeIgniter.php(898): App\Controllers\Investor->index()
 7 SYSTEMPATH\CodeIgniter.php(468): CodeIgniter\CodeIgniter->runController(Object(App\Controllers\Investor))
 8 SYSTEMPATH\CodeIgniter.php(351): CodeIgniter\CodeIgniter->handleRequest(null, Object(Config\Cache), false)
 9 FCPATH\index.php(55): CodeIgniter\CodeIgniter->run()
10 SYSTEMPATH\Commands\Server\rewrite.php(43): require_once('FCPATH\\index.php')
CRITICAL - 2022-06-04 20:39:56 --> Undefined variable: news
in APPPATH\Views\about.php on line 303.
 1 APPPATH\Views\about.php(303): CodeIgniter\Debug\Exceptions->errorHandler(8, 'Undefined variable: news', 'APPPATH\\Views\\about.php', 303, [...])
 2 SYSTEMPATH\View\View.php(213): include('APPPATH\\Views\\about.php')
 3 SYSTEMPATH\View\View.php(216): CodeIgniter\View\View->CodeIgniter\View\{closure}()
 4 SYSTEMPATH\Common.php(1135): CodeIgniter\View\View->render('about', [], true)
 5 APPPATH\Controllers\Investor.php(33): view('about', [...])
 6 SYSTEMPATH\CodeIgniter.php(898): App\Controllers\Investor->index()
 7 SYSTEMPATH\CodeIgniter.php(468): CodeIgniter\CodeIgniter->runController(Object(App\Controllers\Investor))
 8 SYSTEMPATH\CodeIgniter.php(351): CodeIgniter\CodeIgniter->handleRequest(null, Object(Config\Cache), false)
 9 FCPATH\index.php(55): CodeIgniter\CodeIgniter->run()
10 SYSTEMPATH\Commands\Server\rewrite.php(43): require_once('FCPATH\\index.php')
CRITICAL - 2022-06-04 20:40:06 --> Undefined variable: news
in APPPATH\Views\about.php on line 303.
 1 APPPATH\Views\about.php(303): CodeIgniter\Debug\Exceptions->errorHandler(8, 'Undefined variable: news', 'APPPATH\\Views\\about.php', 303, [...])
 2 SYSTEMPATH\View\View.php(213): include('APPPATH\\Views\\about.php')
 3 SYSTEMPATH\View\View.php(216): CodeIgniter\View\View->CodeIgniter\View\{closure}()
 4 SYSTEMPATH\Common.php(1135): CodeIgniter\View\View->render('about', [], true)
 5 APPPATH\Controllers\Investor.php(33): view('about', [...])
 6 SYSTEMPATH\CodeIgniter.php(898): App\Controllers\Investor->index()
 7 SYSTEMPATH\CodeIgniter.php(468): CodeIgniter\CodeIgniter->runController(Object(App\Controllers\Investor))
 8 SYSTEMPATH\CodeIgniter.php(351): CodeIgniter\CodeIgniter->handleRequest(null, Object(Config\Cache), false)
 9 FCPATH\index.php(55): CodeIgniter\CodeIgniter->run()
10 SYSTEMPATH\Commands\Server\rewrite.php(43): require_once('FCPATH\\index.php')
CRITICAL - 2022-06-04 20:41:03 --> Undefined variable: investor
in APPPATH\Views\about.php on line 277.
 1 APPPATH\Views\about.php(277): CodeIgniter\Debug\Exceptions->errorHandler(8, 'Undefined variable: investor', 'APPPATH\\Views\\about.php', 277, [...])
 2 SYSTEMPATH\View\View.php(213): include('APPPATH\\Views\\about.php')
 3 SYSTEMPATH\View\View.php(216): CodeIgniter\View\View->CodeIgniter\View\{closure}()
 4 SYSTEMPATH\Common.php(1135): CodeIgniter\View\View->render('about', [], true)
 5 APPPATH\Controllers\News.php(33): view('about', [...])
 6 SYSTEMPATH\CodeIgniter.php(898): App\Controllers\News->index()
 7 SYSTEMPATH\CodeIgniter.php(468): CodeIgniter\CodeIgniter->runController(Object(App\Controllers\News))
 8 SYSTEMPATH\CodeIgniter.php(351): CodeIgniter\CodeIgniter->handleRequest(null, Object(Config\Cache), false)
 9 FCPATH\index.php(55): CodeIgniter\CodeIgniter->run()
10 SYSTEMPATH\Commands\Server\rewrite.php(43): require_once('FCPATH\\index.php')
CRITICAL - 2022-06-04 20:41:53 --> Undefined variable: investor
in APPPATH\Views\about.php on line 277.
 1 APPPATH\Views\about.php(277): CodeIgniter\Debug\Exceptions->errorHandler(8, 'Undefined variable: investor', 'APPPATH\\Views\\about.php', 277, [...])
 2 SYSTEMPATH\View\View.php(213): include('APPPATH\\Views\\about.php')
 3 SYSTEMPATH\View\View.php(216): CodeIgniter\View\View->CodeIgniter\View\{closure}()
 4 SYSTEMPATH\Common.php(1135): CodeIgniter\View\View->render('about', [], true)
 5 APPPATH\Controllers\News.php(33): view('about', [...])
 6 SYSTEMPATH\CodeIgniter.php(898): App\Controllers\News->index()
 7 SYSTEMPATH\CodeIgniter.php(468): CodeIgniter\CodeIgniter->runController(Object(App\Controllers\News))
 8 SYSTEMPATH\CodeIgniter.php(351): CodeIgniter\CodeIgniter->handleRequest(null, Object(Config\Cache), false)
 9 FCPATH\index.php(55): CodeIgniter\CodeIgniter->run()
10 SYSTEMPATH\Commands\Server\rewrite.php(43): require_once('FCPATH\\index.php')
CRITICAL - 2022-06-04 20:45:08 --> Undefined property: App\Controllers\Investor::$newsModel
in APPPATH\Controllers\Investor.php on line 31.
 1 APPPATH\Controllers\Investor.php(31): CodeIgniter\Debug\Exceptions->errorHandler(8, 'Undefined property: App\\Controllers\\Investor::$newsModel', 'APPPATH\\Controllers\\Investor.php', 31, [...])
 2 SYSTEMPATH\CodeIgniter.php(898): App\Controllers\Investor->index()
 3 SYSTEMPATH\CodeIgniter.php(468): CodeIgniter\CodeIgniter->runController(Object(App\Controllers\Investor))
 4 SYSTEMPATH\CodeIgniter.php(351): CodeIgniter\CodeIgniter->handleRequest(null, Object(Config\Cache), false)
 5 FCPATH\index.php(55): CodeIgniter\CodeIgniter->run()
 6 SYSTEMPATH\Commands\Server\rewrite.php(43): require_once('FCPATH\\index.php')
CRITICAL - 2022-06-04 20:49:53 --> Undefined variable: news
in APPPATH\Views\about.php on line 303.
 1 APPPATH\Views\about.php(303): CodeIgniter\Debug\Exceptions->errorHandler(8, 'Undefined variable: news', 'APPPATH\\Views\\about.php', 303, [...])
 2 SYSTEMPATH\View\View.php(213): include('APPPATH\\Views\\about.php')
 3 SYSTEMPATH\View\View.php(216): CodeIgniter\View\View->CodeIgniter\View\{closure}()
 4 SYSTEMPATH\Common.php(1135): CodeIgniter\View\View->render('about', [], true)
 5 APPPATH\Controllers\Investor.php(34): view('about', [...])
 6 SYSTEMPATH\CodeIgniter.php(898): App\Controllers\Investor->index()
 7 SYSTEMPATH\CodeIgniter.php(468): CodeIgniter\CodeIgniter->runController(Object(App\Controllers\Investor))
 8 SYSTEMPATH\CodeIgniter.php(351): CodeIgniter\CodeIgniter->handleRequest(null, Object(Config\Cache), false)
 9 FCPATH\index.php(55): CodeIgniter\CodeIgniter->run()
10 SYSTEMPATH\Commands\Server\rewrite.php(43): require_once('FCPATH\\index.php')
CRITICAL - 2022-06-04 20:52:58 --> Call to undefined function App\Controllers\index()
in APPPATH\Controllers\Investor.php on line 38.
 1 SYSTEMPATH\CodeIgniter.php(898): App\Controllers\Investor->tampil()
 2 SYSTEMPATH\CodeIgniter.php(468): CodeIgniter\CodeIgniter->runController(Object(App\Controllers\Investor))
 3 SYSTEMPATH\CodeIgniter.php(351): CodeIgniter\CodeIgniter->handleRequest(null, Object(Config\Cache), false)
 4 FCPATH\index.php(55): CodeIgniter\CodeIgniter->run()
 5 SYSTEMPATH\Commands\Server\rewrite.php(43): require_once('FCPATH\\index.php')
CRITICAL - 2022-06-04 20:53:17 --> Undefined variable: news
in APPPATH\Views\about.php on line 303.
 1 APPPATH\Views\about.php(303): CodeIgniter\Debug\Exceptions->errorHandler(8, 'Undefined variable: news', 'APPPATH\\Views\\about.php', 303, [...])
 2 SYSTEMPATH\View\View.php(213): include('APPPATH\\Views\\about.php')
 3 SYSTEMPATH\View\View.php(216): CodeIgniter\View\View->CodeIgniter\View\{closure}()
 4 SYSTEMPATH\Common.php(1135): CodeIgniter\View\View->render('about', [], true)
 5 APPPATH\Controllers\Investor.php(34): view('about', [...])
 6 APPPATH\Controllers\Investor.php(38): App\Controllers\Investor->index()
 7 SYSTEMPATH\CodeIgniter.php(898): App\Controllers\Investor->tampil()
 8 SYSTEMPATH\CodeIgniter.php(468): CodeIgniter\CodeIgniter->runController(Object(App\Controllers\Investor))
 9 SYSTEMPATH\CodeIgniter.php(351): CodeIgniter\CodeIgniter->handleRequest(null, Object(Config\Cache), false)
10 FCPATH\index.php(55): CodeIgniter\CodeIgniter->run()
11 SYSTEMPATH\Commands\Server\rewrite.php(43): require_once('FCPATH\\index.php')
CRITICAL - 2022-06-04 20:54:13 --> Undefined variable: news
in APPPATH\Views\about.php on line 303.
 1 APPPATH\Views\about.php(303): CodeIgniter\Debug\Exceptions->errorHandler(8, 'Undefined variable: news', 'APPPATH\\Views\\about.php', 303, [...])
 2 SYSTEMPATH\View\View.php(213): include('APPPATH\\Views\\about.php')
 3 SYSTEMPATH\View\View.php(216): CodeIgniter\View\View->CodeIgniter\View\{closure}()
 4 SYSTEMPATH\Common.php(1135): CodeIgniter\View\View->render('about', [], true)
 5 APPPATH\Controllers\Investor.php(34): view('about', [...])
 6 SYSTEMPATH\CodeIgniter.php(898): App\Controllers\Investor->index()
 7 SYSTEMPATH\CodeIgniter.php(468): CodeIgniter\CodeIgniter->runController(Object(App\Controllers\Investor))
 8 SYSTEMPATH\CodeIgniter.php(351): CodeIgniter\CodeIgniter->handleRequest(null, Object(Config\Cache), false)
 9 FCPATH\index.php(55): CodeIgniter\CodeIgniter->run()
10 SYSTEMPATH\Commands\Server\rewrite.php(43): require_once('FCPATH\\index.php')
CRITICAL - 2022-06-04 20:54:44 --> syntax error, unexpected '}'
in APPPATH\Controllers\Investor.php on line 39.
 1 SYSTEMPATH\Autoloader\Autoloader.php(261): CodeIgniter\Autoloader\Autoloader->includeFile('APPPATH\\Controllers\\Investor.php')
 2 SYSTEMPATH\Autoloader\Autoloader.php(239): CodeIgniter\Autoloader\Autoloader->loadInNamespace('App\\Controllers\\Investor')
 3 [internal function]: CodeIgniter\Autoloader\Autoloader->loadClass('App\\Controllers\\Investor')
 4 [internal function]: spl_autoload_call('App\\Controllers\\Investor')
 5 SYSTEMPATH\CodeIgniter.php(848): class_exists('\\App\\Controllers\\Investor', true)
 6 SYSTEMPATH\CodeIgniter.php(455): CodeIgniter\CodeIgniter->startController()
 7 SYSTEMPATH\CodeIgniter.php(351): CodeIgniter\CodeIgniter->handleRequest(null, Object(Config\Cache), false)
 8 FCPATH\index.php(55): CodeIgniter\CodeIgniter->run()
 9 SYSTEMPATH\Commands\Server\rewrite.php(43): require_once('FCPATH\\index.php')
CRITICAL - 2022-06-04 20:55:07 --> Undefined variable: news
in APPPATH\Views\about.php on line 303.
 1 APPPATH\Views\about.php(303): CodeIgniter\Debug\Exceptions->errorHandler(8, 'Undefined variable: news', 'APPPATH\\Views\\about.php', 303, [...])
 2 SYSTEMPATH\View\View.php(213): include('APPPATH\\Views\\about.php')
 3 SYSTEMPATH\View\View.php(216): CodeIgniter\View\View->CodeIgniter\View\{closure}()
 4 SYSTEMPATH\Common.php(1135): CodeIgniter\View\View->render('about', [], true)
 5 APPPATH\Controllers\Investor.php(34): view('about', [...])
 6 SYSTEMPATH\CodeIgniter.php(898): App\Controllers\Investor->index()
 7 SYSTEMPATH\CodeIgniter.php(468): CodeIgniter\CodeIgniter->runController(Object(App\Controllers\Investor))
 8 SYSTEMPATH\CodeIgniter.php(351): CodeIgniter\CodeIgniter->handleRequest(null, Object(Config\Cache), false)
 9 FCPATH\index.php(55): CodeIgniter\CodeIgniter->run()
10 SYSTEMPATH\Commands\Server\rewrite.php(43): require_once('FCPATH\\index.php')
CRITICAL - 2022-06-04 20:56:35 --> Undefined property: App\Controllers\Investor::$newsModel
in APPPATH\Controllers\Investor.php on line 31.
 1 APPPATH\Controllers\Investor.php(31): CodeIgniter\Debug\Exceptions->errorHandler(8, 'Undefined property: App\\Controllers\\Investor::$newsModel', 'APPPATH\\Controllers\\Investor.php', 31, [...])
 2 SYSTEMPATH\CodeIgniter.php(898): App\Controllers\Investor->index()
 3 SYSTEMPATH\CodeIgniter.php(468): CodeIgniter\CodeIgniter->runController(Object(App\Controllers\Investor))
 4 SYSTEMPATH\CodeIgniter.php(351): CodeIgniter\CodeIgniter->handleRequest(null, Object(Config\Cache), false)
 5 FCPATH\index.php(55): CodeIgniter\CodeIgniter->run()
 6 SYSTEMPATH\Commands\Server\rewrite.php(43): require_once('FCPATH\\index.php')
CRITICAL - 2022-06-04 20:56:44 --> Undefined property: App\Controllers\Investor::$newsModel
in APPPATH\Controllers\Investor.php on line 33.
 1 APPPATH\Controllers\Investor.php(33): CodeIgniter\Debug\Exceptions->errorHandler(8, 'Undefined property: App\\Controllers\\Investor::$newsModel', 'APPPATH\\Controllers\\Investor.php', 33, [...])
 2 SYSTEMPATH\CodeIgniter.php(898): App\Controllers\Investor->index()
 3 SYSTEMPATH\CodeIgniter.php(468): CodeIgniter\CodeIgniter->runController(Object(App\Controllers\Investor))
 4 SYSTEMPATH\CodeIgniter.php(351): CodeIgniter\CodeIgniter->handleRequest(null, Object(Config\Cache), false)
 5 FCPATH\index.php(55): CodeIgniter\CodeIgniter->run()
 6 SYSTEMPATH\Commands\Server\rewrite.php(43): require_once('FCPATH\\index.php')
CRITICAL - 2022-06-04 20:57:05 --> Undefined variable: investor
in APPPATH\Views\about.php on line 277.
 1 APPPATH\Views\about.php(277): CodeIgniter\Debug\Exceptions->errorHandler(8, 'Undefined variable: investor', 'APPPATH\\Views\\about.php', 277, [...])
 2 SYSTEMPATH\View\View.php(213): include('APPPATH\\Views\\about.php')
 3 SYSTEMPATH\View\View.php(216): CodeIgniter\View\View->CodeIgniter\View\{closure}()
 4 SYSTEMPATH\Common.php(1135): CodeIgniter\View\View->render('about', [], true)
 5 APPPATH\Controllers\Investor.php(45): view('about', [...])
 6 SYSTEMPATH\CodeIgniter.php(898): App\Controllers\Investor->index()
 7 SYSTEMPATH\CodeIgniter.php(468): CodeIgniter\CodeIgniter->runController(Object(App\Controllers\Investor))
 8 SYSTEMPATH\CodeIgniter.php(351): CodeIgniter\CodeIgniter->handleRequest(null, Object(Config\Cache), false)
 9 FCPATH\index.php(55): CodeIgniter\CodeIgniter->run()
10 SYSTEMPATH\Commands\Server\rewrite.php(43): require_once('FCPATH\\index.php')
CRITICAL - 2022-06-04 20:57:43 --> Undefined variable: news
in APPPATH\Views\about.php on line 303.
 1 APPPATH\Views\about.php(303): CodeIgniter\Debug\Exceptions->errorHandler(8, 'Undefined variable: news', 'APPPATH\\Views\\about.php', 303, [...])
 2 SYSTEMPATH\View\View.php(213): include('APPPATH\\Views\\about.php')
 3 SYSTEMPATH\View\View.php(216): CodeIgniter\View\View->CodeIgniter\View\{closure}()
 4 SYSTEMPATH\Common.php(1135): CodeIgniter\View\View->render('about', [...], true)
 5 APPPATH\Controllers\Investor.php(45): view('about', [...], [...])
 6 SYSTEMPATH\CodeIgniter.php(898): App\Controllers\Investor->index()
 7 SYSTEMPATH\CodeIgniter.php(468): CodeIgniter\CodeIgniter->runController(Object(App\Controllers\Investor))
 8 SYSTEMPATH\CodeIgniter.php(351): CodeIgniter\CodeIgniter->handleRequest(null, Object(Config\Cache), false)
 9 FCPATH\index.php(55): CodeIgniter\CodeIgniter->run()
10 SYSTEMPATH\Commands\Server\rewrite.php(43): require_once('FCPATH\\index.php')
CRITICAL - 2022-06-04 20:57:59 --> Undefined variable: news
in APPPATH\Views\about.php on line 303.
 1 APPPATH\Views\about.php(303): CodeIgniter\Debug\Exceptions->errorHandler(8, 'Undefined variable: news', 'APPPATH\\Views\\about.php', 303, [...])
 2 SYSTEMPATH\View\View.php(213): include('APPPATH\\Views\\about.php')
 3 SYSTEMPATH\View\View.php(216): CodeIgniter\View\View->CodeIgniter\View\{closure}()
 4 SYSTEMPATH\Common.php(1135): CodeIgniter\View\View->render('about', [...], true)
 5 APPPATH\Controllers\Investor.php(45): view('about', [...], [...])
 6 SYSTEMPATH\CodeIgniter.php(898): App\Controllers\Investor->index()
 7 SYSTEMPATH\CodeIgniter.php(468): CodeIgniter\CodeIgniter->runController(Object(App\Controllers\Investor))
 8 SYSTEMPATH\CodeIgniter.php(351): CodeIgniter\CodeIgniter->handleRequest(null, Object(Config\Cache), false)
 9 FCPATH\index.php(55): CodeIgniter\CodeIgniter->run()
10 SYSTEMPATH\Commands\Server\rewrite.php(43): require_once('FCPATH\\index.php')
CRITICAL - 2022-06-04 20:58:52 --> syntax error, unexpected ''news'' (T_CONSTANT_ENCAPSED_STRING), expecting ']'
in APPPATH\Controllers\Investor.php on line 33.
 1 SYSTEMPATH\Autoloader\Autoloader.php(261): CodeIgniter\Autoloader\Autoloader->includeFile('APPPATH\\Controllers\\Investor.php')
 2 SYSTEMPATH\Autoloader\Autoloader.php(239): CodeIgniter\Autoloader\Autoloader->loadInNamespace('App\\Controllers\\Investor')
 3 [internal function]: CodeIgniter\Autoloader\Autoloader->loadClass('App\\Controllers\\Investor')
 4 [internal function]: spl_autoload_call('App\\Controllers\\Investor')
 5 SYSTEMPATH\CodeIgniter.php(848): class_exists('\\App\\Controllers\\Investor', true)
 6 SYSTEMPATH\CodeIgniter.php(455): CodeIgniter\CodeIgniter->startController()
 7 SYSTEMPATH\CodeIgniter.php(351): CodeIgniter\CodeIgniter->handleRequest(null, Object(Config\Cache), false)
 8 FCPATH\index.php(55): CodeIgniter\CodeIgniter->run()
 9 SYSTEMPATH\Commands\Server\rewrite.php(43): require_once('FCPATH\\index.php')
ERROR - 2022-06-04 22:23:01 --> Error connecting to the database: Access denied for user '****'@'localhost' (using password: YES)
CRITICAL - 2022-06-04 22:23:01 --> Unable to connect to the database.
Main connection [MySQLi]: Access denied for user '****'@'localhost' (using password: YES)
in SYSTEMPATH\Database\BaseConnection.php on line 415.
 1 SYSTEMPATH\Database\BaseConnection.php(585): CodeIgniter\Database\BaseConnection->initialize()
 2 SYSTEMPATH\Database\BaseBuilder.php(1585): CodeIgniter\Database\BaseConnection->query('SELECT *
FROM `investors`', [], false)
 3 SYSTEMPATH\Model.php(222): CodeIgniter\Database\BaseBuilder->get()
 4 SYSTEMPATH\BaseModel.php(584): CodeIgniter\Model->doFindAll(0, 0)
 5 APPPATH\Controllers\Investor.php(26): CodeIgniter\BaseModel->findAll()
 6 SYSTEMPATH\CodeIgniter.php(898): App\Controllers\Investor->index()
 7 SYSTEMPATH\CodeIgniter.php(468): CodeIgniter\CodeIgniter->runController(Object(App\Controllers\Investor))
 8 SYSTEMPATH\CodeIgniter.php(351): CodeIgniter\CodeIgniter->handleRequest(null, Object(Config\Cache), false)
 9 FCPATH\index.php(55): CodeIgniter\CodeIgniter->run()
