CRITICAL - 2022-05-19 08:30:19 --> Trying to access array offset on value of type null
#0 D:\praktikum-web\praktikum\app\Views\view_update.php(20): CodeIgniter\Debug\Exceptions->errorHandler(2, 'Trying to acces...', 'D:\\praktikum-we...', 20)
#1 D:\praktikum-web\praktikum\vendor\codeigniter4\framework\system\View\View.php(210): include('D:\\praktikum-we...')
#2 D:\praktikum-web\praktikum\vendor\codeigniter4\framework\system\View\View.php(213): CodeIgniter\View\View->CodeIgniter\View\{closure}()
#3 D:\praktikum-web\praktikum\vendor\codeigniter4\framework\system\Common.php(1089): CodeIgniter\View\View->render('view_update', Array, true)
#4 D:\praktikum-web\praktikum\app\Controllers\Mahasiswa.php(60): view('view_update', Array)
#5 D:\praktikum-web\praktikum\vendor\codeigniter4\framework\system\CodeIgniter.php(832): App\Controllers\Mahasiswa->update('1998831')
#6 D:\praktikum-web\praktikum\vendor\codeigniter4\framework\system\CodeIgniter.php(419): CodeIgniter\CodeIgniter->runController(Object(App\Controllers\Mahasiswa))
#7 D:\praktikum-web\praktikum\vendor\codeigniter4\framework\system\CodeIgniter.php(326): CodeIgniter\CodeIgniter->handleRequest(NULL, Object(Config\Cache), false)
#8 D:\praktikum-web\praktikum\public\index.php(37): CodeIgniter\CodeIgniter->run()
#9 D:\praktikum-web\praktikum\vendor\codeigniter4\framework\system\Commands\Server\rewrite.php(43): require_once('D:\\praktikum-we...')
#10 {main}
CRITICAL - 2022-05-19 08:33:28 --> Trying to access array offset on value of type null
#0 D:\praktikum-web\praktikum\app\Views\view_update.php(20): CodeIgniter\Debug\Exceptions->errorHandler(2, 'Trying to acces...', 'D:\\praktikum-we...', 20)
#1 D:\praktikum-web\praktikum\vendor\codeigniter4\framework\system\View\View.php(210): include('D:\\praktikum-we...')
#2 D:\praktikum-web\praktikum\vendor\codeigniter4\framework\system\View\View.php(213): CodeIgniter\View\View->CodeIgniter\View\{closure}()
#3 D:\praktikum-web\praktikum\vendor\codeigniter4\framework\system\Common.php(1089): CodeIgniter\View\View->render('view_update', Array, true)
#4 D:\praktikum-web\praktikum\app\Controllers\Mahasiswa.php(60): view('view_update', Array)
#5 D:\praktikum-web\praktikum\vendor\codeigniter4\framework\system\CodeIgniter.php(832): App\Controllers\Mahasiswa->update('5')
#6 D:\praktikum-web\praktikum\vendor\codeigniter4\framework\system\CodeIgniter.php(419): CodeIgniter\CodeIgniter->runController(Object(App\Controllers\Mahasiswa))
#7 D:\praktikum-web\praktikum\vendor\codeigniter4\framework\system\CodeIgniter.php(326): CodeIgniter\CodeIgniter->handleRequest(NULL, Object(Config\Cache), false)
#8 D:\praktikum-web\praktikum\public\index.php(37): CodeIgniter\CodeIgniter->run()
#9 D:\praktikum-web\praktikum\vendor\codeigniter4\framework\system\Commands\Server\rewrite.php(43): require_once('D:\\praktikum-we...')
#10 {main}
CRITICAL - 2022-05-19 08:33:30 --> Trying to access array offset on value of type null
#0 D:\praktikum-web\praktikum\app\Views\view_update.php(20): CodeIgniter\Debug\Exceptions->errorHandler(2, 'Trying to acces...', 'D:\\praktikum-we...', 20)
#1 D:\praktikum-web\praktikum\vendor\codeigniter4\framework\system\View\View.php(210): include('D:\\praktikum-we...')
#2 D:\praktikum-web\praktikum\vendor\codeigniter4\framework\system\View\View.php(213): CodeIgniter\View\View->CodeIgniter\View\{closure}()
#3 D:\praktikum-web\praktikum\vendor\codeigniter4\framework\system\Common.php(1089): CodeIgniter\View\View->render('view_update', Array, true)
#4 D:\praktikum-web\praktikum\app\Controllers\Mahasiswa.php(60): view('view_update', Array)
#5 D:\praktikum-web\praktikum\vendor\codeigniter4\framework\system\CodeIgniter.php(832): App\Controllers\Mahasiswa->update('7')
#6 D:\praktikum-web\praktikum\vendor\codeigniter4\framework\system\CodeIgniter.php(419): CodeIgniter\CodeIgniter->runController(Object(App\Controllers\Mahasiswa))
#7 D:\praktikum-web\praktikum\vendor\codeigniter4\framework\system\CodeIgniter.php(326): CodeIgniter\CodeIgniter->handleRequest(NULL, Object(Config\Cache), false)
#8 D:\praktikum-web\praktikum\public\index.php(37): CodeIgniter\CodeIgniter->run()
#9 D:\praktikum-web\praktikum\vendor\codeigniter4\framework\system\Commands\Server\rewrite.php(43): require_once('D:\\praktikum-we...')
#10 {main}
CRITICAL - 2022-05-19 08:37:14 --> Trying to access array offset on value of type null
#0 D:\praktikum-web\praktikum\app\Views\view_update.php(20): CodeIgniter\Debug\Exceptions->errorHandler(2, 'Trying to acces...', 'D:\\praktikum-we...', 20)
#1 D:\praktikum-web\praktikum\vendor\codeigniter4\framework\system\View\View.php(210): include('D:\\praktikum-we...')
#2 D:\praktikum-web\praktikum\vendor\codeigniter4\framework\system\View\View.php(213): CodeIgniter\View\View->CodeIgniter\View\{closure}()
#3 D:\praktikum-web\praktikum\vendor\codeigniter4\framework\system\Common.php(1089): CodeIgniter\View\View->render('view_update', Array, true)
#4 D:\praktikum-web\praktikum\app\Controllers\Mahasiswa.php(60): view('view_update', Array)
#5 D:\praktikum-web\praktikum\vendor\codeigniter4\framework\system\CodeIgniter.php(832): App\Controllers\Mahasiswa->update('8')
#6 D:\praktikum-web\praktikum\vendor\codeigniter4\framework\system\CodeIgniter.php(419): CodeIgniter\CodeIgniter->runController(Object(App\Controllers\Mahasiswa))
#7 D:\praktikum-web\praktikum\vendor\codeigniter4\framework\system\CodeIgniter.php(326): CodeIgniter\CodeIgniter->handleRequest(NULL, Object(Config\Cache), false)
#8 D:\praktikum-web\praktikum\public\index.php(37): CodeIgniter\CodeIgniter->run()
#9 D:\praktikum-web\praktikum\vendor\codeigniter4\framework\system\Commands\Server\rewrite.php(43): require_once('D:\\praktikum-we...')
#10 {main}
CRITICAL - 2022-05-19 08:38:10 --> Trying to access array offset on value of type null
#0 D:\praktikum-web\praktikum\app\Views\view_update.php(20): CodeIgniter\Debug\Exceptions->errorHandler(2, 'Trying to acces...', 'D:\\praktikum-we...', 20)
#1 D:\praktikum-web\praktikum\vendor\codeigniter4\framework\system\View\View.php(210): include('D:\\praktikum-we...')
#2 D:\praktikum-web\praktikum\vendor\codeigniter4\framework\system\View\View.php(213): CodeIgniter\View\View->CodeIgniter\View\{closure}()
#3 D:\praktikum-web\praktikum\vendor\codeigniter4\framework\system\Common.php(1089): CodeIgniter\View\View->render('view_update', Array, true)
#4 D:\praktikum-web\praktikum\app\Controllers\Mahasiswa.php(60): view('view_update', Array)
#5 D:\praktikum-web\praktikum\vendor\codeigniter4\framework\system\CodeIgniter.php(832): App\Controllers\Mahasiswa->update('8')
#6 D:\praktikum-web\praktikum\vendor\codeigniter4\framework\system\CodeIgniter.php(419): CodeIgniter\CodeIgniter->runController(Object(App\Controllers\Mahasiswa))
#7 D:\praktikum-web\praktikum\vendor\codeigniter4\framework\system\CodeIgniter.php(326): CodeIgniter\CodeIgniter->handleRequest(NULL, Object(Config\Cache), false)
#8 D:\praktikum-web\praktikum\public\index.php(37): CodeIgniter\CodeIgniter->run()
#9 D:\praktikum-web\praktikum\vendor\codeigniter4\framework\system\Commands\Server\rewrite.php(43): require_once('D:\\praktikum-we...')
#10 {main}
CRITICAL - 2022-05-19 08:40:40 --> Trying to access array offset on value of type null
#0 D:\praktikum-web\praktikum\app\Views\view_update.php(20): CodeIgniter\Debug\Exceptions->errorHandler(2, 'Trying to acces...', 'D:\\praktikum-we...', 20)
#1 D:\praktikum-web\praktikum\vendor\codeigniter4\framework\system\View\View.php(210): include('D:\\praktikum-we...')
#2 D:\praktikum-web\praktikum\vendor\codeigniter4\framework\system\View\View.php(213): CodeIgniter\View\View->CodeIgniter\View\{closure}()
#3 D:\praktikum-web\praktikum\vendor\codeigniter4\framework\system\Common.php(1089): CodeIgniter\View\View->render('view_update', Array, true)
#4 D:\praktikum-web\praktikum\app\Controllers\Mahasiswa.php(62): view('view_update', Array)
#5 D:\praktikum-web\praktikum\vendor\codeigniter4\framework\system\CodeIgniter.php(832): App\Controllers\Mahasiswa->update('5')
#6 D:\praktikum-web\praktikum\vendor\codeigniter4\framework\system\CodeIgniter.php(419): CodeIgniter\CodeIgniter->runController(Object(App\Controllers\Mahasiswa))
#7 D:\praktikum-web\praktikum\vendor\codeigniter4\framework\system\CodeIgniter.php(326): CodeIgniter\CodeIgniter->handleRequest(NULL, Object(Config\Cache), false)
#8 D:\praktikum-web\praktikum\public\index.php(37): CodeIgniter\CodeIgniter->run()
#9 D:\praktikum-web\praktikum\vendor\codeigniter4\framework\system\Commands\Server\rewrite.php(43): require_once('D:\\praktikum-we...')
#10 {main}
CRITICAL - 2022-05-19 08:41:22 --> Undefined variable $data
#0 D:\praktikum-web\praktikum\app\Views\view_update.php(20): CodeIgniter\Debug\Exceptions->errorHandler(2, 'Undefined varia...', 'D:\\praktikum-we...', 20)
#1 D:\praktikum-web\praktikum\vendor\codeigniter4\framework\system\View\View.php(210): include('D:\\praktikum-we...')
#2 D:\praktikum-web\praktikum\vendor\codeigniter4\framework\system\View\View.php(213): CodeIgniter\View\View->CodeIgniter\View\{closure}()
#3 D:\praktikum-web\praktikum\vendor\codeigniter4\framework\system\Common.php(1089): CodeIgniter\View\View->render('view_update', Array, true)
#4 D:\praktikum-web\praktikum\app\Controllers\Mahasiswa.php(62): view('view_update', Array)
#5 D:\praktikum-web\praktikum\vendor\codeigniter4\framework\system\CodeIgniter.php(832): App\Controllers\Mahasiswa->update('5')
#6 D:\praktikum-web\praktikum\vendor\codeigniter4\framework\system\CodeIgniter.php(419): CodeIgniter\CodeIgniter->runController(Object(App\Controllers\Mahasiswa))
#7 D:\praktikum-web\praktikum\vendor\codeigniter4\framework\system\CodeIgniter.php(326): CodeIgniter\CodeIgniter->handleRequest(NULL, Object(Config\Cache), false)
#8 D:\praktikum-web\praktikum\public\index.php(37): CodeIgniter\CodeIgniter->run()
#9 D:\praktikum-web\praktikum\vendor\codeigniter4\framework\system\Commands\Server\rewrite.php(43): require_once('D:\\praktikum-we...')
#10 {main}
CRITICAL - 2022-05-19 08:47:51 --> Undefined variable $data
#0 D:\praktikum-web\praktikum\app\Views\view_update.php(20): CodeIgniter\Debug\Exceptions->errorHandler(2, 'Undefined varia...', 'D:\\praktikum-we...', 20)
#1 D:\praktikum-web\praktikum\vendor\codeigniter4\framework\system\View\View.php(210): include('D:\\praktikum-we...')
#2 D:\praktikum-web\praktikum\vendor\codeigniter4\framework\system\View\View.php(213): CodeIgniter\View\View->CodeIgniter\View\{closure}()
#3 D:\praktikum-web\praktikum\vendor\codeigniter4\framework\system\Common.php(1089): CodeIgniter\View\View->render('view_update', Array, true)
#4 D:\praktikum-web\praktikum\app\Controllers\Mahasiswa.php(61): view('view_update', Array)
#5 D:\praktikum-web\praktikum\vendor\codeigniter4\framework\system\CodeIgniter.php(832): App\Controllers\Mahasiswa->update('5')
#6 D:\praktikum-web\praktikum\vendor\codeigniter4\framework\system\CodeIgniter.php(419): CodeIgniter\CodeIgniter->runController(Object(App\Controllers\Mahasiswa))
#7 D:\praktikum-web\praktikum\vendor\codeigniter4\framework\system\CodeIgniter.php(326): CodeIgniter\CodeIgniter->handleRequest(NULL, Object(Config\Cache), false)
#8 D:\praktikum-web\praktikum\public\index.php(37): CodeIgniter\CodeIgniter->run()
#9 D:\praktikum-web\praktikum\vendor\codeigniter4\framework\system\Commands\Server\rewrite.php(43): require_once('D:\\praktikum-we...')
#10 {main}
CRITICAL - 2022-05-19 08:47:54 --> Undefined variable $data
#0 D:\praktikum-web\praktikum\app\Views\view_update.php(20): CodeIgniter\Debug\Exceptions->errorHandler(2, 'Undefined varia...', 'D:\\praktikum-we...', 20)
#1 D:\praktikum-web\praktikum\vendor\codeigniter4\framework\system\View\View.php(210): include('D:\\praktikum-we...')
#2 D:\praktikum-web\praktikum\vendor\codeigniter4\framework\system\View\View.php(213): CodeIgniter\View\View->CodeIgniter\View\{closure}()
#3 D:\praktikum-web\praktikum\vendor\codeigniter4\framework\system\Common.php(1089): CodeIgniter\View\View->render('view_update', Array, true)
#4 D:\praktikum-web\praktikum\app\Controllers\Mahasiswa.php(61): view('view_update', Array)
#5 D:\praktikum-web\praktikum\vendor\codeigniter4\framework\system\CodeIgniter.php(832): App\Controllers\Mahasiswa->update('6')
#6 D:\praktikum-web\praktikum\vendor\codeigniter4\framework\system\CodeIgniter.php(419): CodeIgniter\CodeIgniter->runController(Object(App\Controllers\Mahasiswa))
#7 D:\praktikum-web\praktikum\vendor\codeigniter4\framework\system\CodeIgniter.php(326): CodeIgniter\CodeIgniter->handleRequest(NULL, Object(Config\Cache), false)
#8 D:\praktikum-web\praktikum\public\index.php(37): CodeIgniter\CodeIgniter->run()
#9 D:\praktikum-web\praktikum\vendor\codeigniter4\framework\system\Commands\Server\rewrite.php(43): require_once('D:\\praktikum-we...')
#10 {main}
CRITICAL - 2022-05-19 08:52:19 --> There is no data to update.
#0 D:\praktikum-web\praktikum\vendor\codeigniter4\framework\system\BaseModel.php(1574): CodeIgniter\Database\Exceptions\DataException::forEmptyDataset('update')
#1 D:\praktikum-web\praktikum\vendor\codeigniter4\framework\system\BaseModel.php(832): CodeIgniter\BaseModel->transformDataToArray(NULL, 'update')
#2 D:\praktikum-web\praktikum\vendor\codeigniter4\framework\system\Model.php(651): CodeIgniter\BaseModel->update(Array, NULL)
#3 D:\praktikum-web\praktikum\app\Models\MahasiswaModel.php(24): CodeIgniter\Model->update(Array)
#4 D:\praktikum-web\praktikum\app\Controllers\Mahasiswa.php(46): App\Models\MahasiswaModel->updateMahasiswa('5', Array)
#5 D:\praktikum-web\praktikum\vendor\codeigniter4\framework\system\CodeIgniter.php(832): App\Controllers\Mahasiswa->save('5')
#6 D:\praktikum-web\praktikum\vendor\codeigniter4\framework\system\CodeIgniter.php(419): CodeIgniter\CodeIgniter->runController(Object(App\Controllers\Mahasiswa))
#7 D:\praktikum-web\praktikum\vendor\codeigniter4\framework\system\CodeIgniter.php(326): CodeIgniter\CodeIgniter->handleRequest(NULL, Object(Config\Cache), false)
#8 D:\praktikum-web\praktikum\public\index.php(37): CodeIgniter\CodeIgniter->run()
#9 D:\praktikum-web\praktikum\vendor\codeigniter4\framework\system\Commands\Server\rewrite.php(43): require_once('D:\\praktikum-we...')
#10 {main}
CRITICAL - 2022-05-19 08:53:13 --> There is no data to update.
#0 D:\praktikum-web\praktikum\vendor\codeigniter4\framework\system\BaseModel.php(1574): CodeIgniter\Database\Exceptions\DataException::forEmptyDataset('update')
#1 D:\praktikum-web\praktikum\vendor\codeigniter4\framework\system\BaseModel.php(832): CodeIgniter\BaseModel->transformDataToArray(NULL, 'update')
#2 D:\praktikum-web\praktikum\vendor\codeigniter4\framework\system\Model.php(651): CodeIgniter\BaseModel->update(Array, NULL)
#3 D:\praktikum-web\praktikum\app\Models\MahasiswaModel.php(24): CodeIgniter\Model->update(Array)
#4 D:\praktikum-web\praktikum\app\Controllers\Mahasiswa.php(46): App\Models\MahasiswaModel->updateMahasiswa('5', Array)
#5 D:\praktikum-web\praktikum\vendor\codeigniter4\framework\system\CodeIgniter.php(832): App\Controllers\Mahasiswa->save('5')
#6 D:\praktikum-web\praktikum\vendor\codeigniter4\framework\system\CodeIgniter.php(419): CodeIgniter\CodeIgniter->runController(Object(App\Controllers\Mahasiswa))
#7 D:\praktikum-web\praktikum\vendor\codeigniter4\framework\system\CodeIgniter.php(326): CodeIgniter\CodeIgniter->handleRequest(NULL, Object(Config\Cache), false)
#8 D:\praktikum-web\praktikum\public\index.php(37): CodeIgniter\CodeIgniter->run()
#9 D:\praktikum-web\praktikum\vendor\codeigniter4\framework\system\Commands\Server\rewrite.php(43): require_once('D:\\praktikum-we...')
#10 {main}
