CRITICAL - 2022-06-14 00:10:59 --> Cannot redeclare App\Controllers\User::login()
in APPPATH\Controllers\User.php on line 57.
 1 [internal function]: CodeIgniter\Debug\Exceptions->shutdownHandler()
CRITICAL - 2022-06-14 00:11:24 --> syntax error, unexpected end of file, expecting elseif (T_ELSEIF) or else (T_ELSE) or endif (T_ENDIF)
in APPPATH\Views\login.php on line 136.
 1 SYSTEMPATH\View\View.php(216): CodeIgniter\View\View->CodeIgniter\View\{closure}()
 2 SYSTEMPATH\Common.php(1135): CodeIgniter\View\View->render('login', [], true)
 3 APPPATH\Controllers\User.php(33): view('login')
 4 SYSTEMPATH\CodeIgniter.php(898): App\Controllers\User->login()
 5 SYSTEMPATH\CodeIgniter.php(468): CodeIgniter\CodeIgniter->runController(Object(App\Controllers\User))
 6 SYSTEMPATH\CodeIgniter.php(351): CodeIgniter\CodeIgniter->handleRequest(null, Object(Config\Cache), false)
 7 FCPATH\index.php(55): CodeIgniter\CodeIgniter->run()
CRITICAL - 2022-06-14 00:11:50 --> syntax error, unexpected end of file, expecting elseif (T_ELSEIF) or else (T_ELSE) or endif (T_ENDIF)
in APPPATH\Views\login.php on line 136.
 1 SYSTEMPATH\View\View.php(216): CodeIgniter\View\View->CodeIgniter\View\{closure}()
 2 SYSTEMPATH\Common.php(1135): CodeIgniter\View\View->render('login', [], true)
 3 APPPATH\Controllers\User.php(33): view('login')
 4 SYSTEMPATH\CodeIgniter.php(898): App\Controllers\User->login()
 5 SYSTEMPATH\CodeIgniter.php(468): CodeIgniter\CodeIgniter->runController(Object(App\Controllers\User))
 6 SYSTEMPATH\CodeIgniter.php(351): CodeIgniter\CodeIgniter->handleRequest(null, Object(Config\Cache), false)
 7 FCPATH\index.php(55): CodeIgniter\CodeIgniter->run()
CRITICAL - 2022-06-14 00:12:45 --> syntax error, unexpected end of file, expecting elseif (T_ELSEIF) or else (T_ELSE) or endif (T_ENDIF)
in APPPATH\Views\login.php on line 136.
 1 SYSTEMPATH\View\View.php(216): CodeIgniter\View\View->CodeIgniter\View\{closure}()
 2 SYSTEMPATH\Common.php(1135): CodeIgniter\View\View->render('login', [], true)
 3 APPPATH\Controllers\User.php(33): view('login')
 4 SYSTEMPATH\CodeIgniter.php(898): App\Controllers\User->login()
 5 SYSTEMPATH\CodeIgniter.php(468): CodeIgniter\CodeIgniter->runController(Object(App\Controllers\User))
 6 SYSTEMPATH\CodeIgniter.php(351): CodeIgniter\CodeIgniter->handleRequest(null, Object(Config\Cache), false)
 7 FCPATH\index.php(55): CodeIgniter\CodeIgniter->run()
CRITICAL - 2022-06-14 00:12:51 --> syntax error, unexpected end of file, expecting elseif (T_ELSEIF) or else (T_ELSE) or endif (T_ENDIF)
in APPPATH\Views\login.php on line 136.
 1 SYSTEMPATH\View\View.php(216): CodeIgniter\View\View->CodeIgniter\View\{closure}()
 2 SYSTEMPATH\Common.php(1135): CodeIgniter\View\View->render('login', [], true)
 3 APPPATH\Controllers\User.php(33): view('login')
 4 SYSTEMPATH\CodeIgniter.php(898): App\Controllers\User->login()
 5 SYSTEMPATH\CodeIgniter.php(468): CodeIgniter\CodeIgniter->runController(Object(App\Controllers\User))
 6 SYSTEMPATH\CodeIgniter.php(351): CodeIgniter\CodeIgniter->handleRequest(null, Object(Config\Cache), false)
 7 FCPATH\index.php(55): CodeIgniter\CodeIgniter->run()
CRITICAL - 2022-06-14 00:13:41 --> syntax error, unexpected end of file, expecting elseif (T_ELSEIF) or else (T_ELSE) or endif (T_ENDIF)
in APPPATH\Views\login.php on line 136.
 1 SYSTEMPATH\View\View.php(216): CodeIgniter\View\View->CodeIgniter\View\{closure}()
 2 SYSTEMPATH\Common.php(1135): CodeIgniter\View\View->render('login', [], true)
 3 APPPATH\Controllers\User.php(33): view('login')
 4 SYSTEMPATH\CodeIgniter.php(898): App\Controllers\User->login()
 5 SYSTEMPATH\CodeIgniter.php(468): CodeIgniter\CodeIgniter->runController(Object(App\Controllers\User))
 6 SYSTEMPATH\CodeIgniter.php(351): CodeIgniter\CodeIgniter->handleRequest(null, Object(Config\Cache), false)
 7 FCPATH\index.php(55): CodeIgniter\CodeIgniter->run()
CRITICAL - 2022-06-14 00:15:06 --> syntax error, unexpected end of file, expecting elseif (T_ELSEIF) or else (T_ELSE) or endif (T_ENDIF)
in APPPATH\Views\login.php on line 136.
 1 SYSTEMPATH\View\View.php(216): CodeIgniter\View\View->CodeIgniter\View\{closure}()
 2 SYSTEMPATH\Common.php(1135): CodeIgniter\View\View->render('login', [], true)
 3 APPPATH\Controllers\User.php(33): view('login')
 4 SYSTEMPATH\CodeIgniter.php(898): App\Controllers\User->login()
 5 SYSTEMPATH\CodeIgniter.php(468): CodeIgniter\CodeIgniter->runController(Object(App\Controllers\User))
 6 SYSTEMPATH\CodeIgniter.php(351): CodeIgniter\CodeIgniter->handleRequest(null, Object(Config\Cache), false)
 7 FCPATH\index.php(55): CodeIgniter\CodeIgniter->run()
CRITICAL - 2022-06-14 00:19:37 --> Cannot redeclare App\Controllers\User::login()
in APPPATH\Controllers\User.php on line 57.
 1 [internal function]: CodeIgniter\Debug\Exceptions->shutdownHandler()
CRITICAL - 2022-06-14 00:21:11 --> Call to undefined method CodeIgniter\HTTP\IncomingRequest::getUserLogin()
in APPPATH\Controllers\User.php on line 61.
 1 SYSTEMPATH\CodeIgniter.php(898): App\Controllers\User->process()
 2 SYSTEMPATH\CodeIgniter.php(468): CodeIgniter\CodeIgniter->runController(Object(App\Controllers\User))
 3 SYSTEMPATH\CodeIgniter.php(351): CodeIgniter\CodeIgniter->handleRequest(null, Object(Config\Cache), false)
 4 FCPATH\index.php(55): CodeIgniter\CodeIgniter->run()
CRITICAL - 2022-06-14 00:21:37 --> Call to undefined method CodeIgniter\HTTP\IncomingRequest::getUserLogin()
in APPPATH\Controllers\User.php on line 61.
 1 SYSTEMPATH\CodeIgniter.php(898): App\Controllers\User->process()
 2 SYSTEMPATH\CodeIgniter.php(468): CodeIgniter\CodeIgniter->runController(Object(App\Controllers\User))
 3 SYSTEMPATH\CodeIgniter.php(351): CodeIgniter\CodeIgniter->handleRequest(null, Object(Config\Cache), false)
 4 FCPATH\index.php(55): CodeIgniter\CodeIgniter->run()
CRITICAL - 2022-06-14 00:48:44 --> Undefined variable: data
in APPPATH\Views\home.php on line 89.
 1 APPPATH\Views\home.php(89): CodeIgniter\Debug\Exceptions->errorHandler(8, 'Undefined variable: data', 'APPPATH\\Views\\home.php', 89, [...])
 2 SYSTEMPATH\View\View.php(213): include('APPPATH\\Views\\home.php')
 3 SYSTEMPATH\View\View.php(216): CodeIgniter\View\View->CodeIgniter\View\{closure}()
 4 SYSTEMPATH\Common.php(1135): CodeIgniter\View\View->render('home', [], true)
 5 APPPATH\Controllers\Home.php(30): view('home', [...])
 6 SYSTEMPATH\CodeIgniter.php(898): App\Controllers\Home->index()
 7 SYSTEMPATH\CodeIgniter.php(468): CodeIgniter\CodeIgniter->runController(Object(App\Controllers\Home))
 8 SYSTEMPATH\CodeIgniter.php(351): CodeIgniter\CodeIgniter->handleRequest(null, Object(Config\Cache), false)
 9 FCPATH\index.php(55): CodeIgniter\CodeIgniter->run()
CRITICAL - 2022-06-14 00:49:02 --> Undefined variable: data
in APPPATH\Views\home.php on line 89.
 1 APPPATH\Views\home.php(89): CodeIgniter\Debug\Exceptions->errorHandler(8, 'Undefined variable: data', 'APPPATH\\Views\\home.php', 89, [...])
 2 SYSTEMPATH\View\View.php(213): include('APPPATH\\Views\\home.php')
 3 SYSTEMPATH\View\View.php(216): CodeIgniter\View\View->CodeIgniter\View\{closure}()
 4 SYSTEMPATH\Common.php(1135): CodeIgniter\View\View->render('home', [], true)
 5 APPPATH\Controllers\Home.php(30): view('home', [...])
 6 SYSTEMPATH\CodeIgniter.php(898): App\Controllers\Home->index()
 7 SYSTEMPATH\CodeIgniter.php(468): CodeIgniter\CodeIgniter->runController(Object(App\Controllers\Home))
 8 SYSTEMPATH\CodeIgniter.php(351): CodeIgniter\CodeIgniter->handleRequest(null, Object(Config\Cache), false)
 9 FCPATH\index.php(55): CodeIgniter\CodeIgniter->run()
CRITICAL - 2022-06-14 00:50:27 --> Undefined variable: data
in APPPATH\Views\home.php on line 89.
 1 APPPATH\Views\home.php(89): CodeIgniter\Debug\Exceptions->errorHandler(8, 'Undefined variable: data', 'APPPATH\\Views\\home.php', 89, [...])
 2 SYSTEMPATH\View\View.php(213): include('APPPATH\\Views\\home.php')
 3 SYSTEMPATH\View\View.php(216): CodeIgniter\View\View->CodeIgniter\View\{closure}()
 4 SYSTEMPATH\Common.php(1135): CodeIgniter\View\View->render('home', [], true)
 5 APPPATH\Controllers\Home.php(30): view('home', [...])
 6 SYSTEMPATH\CodeIgniter.php(898): App\Controllers\Home->index()
 7 SYSTEMPATH\CodeIgniter.php(468): CodeIgniter\CodeIgniter->runController(Object(App\Controllers\Home))
 8 SYSTEMPATH\CodeIgniter.php(351): CodeIgniter\CodeIgniter->handleRequest(null, Object(Config\Cache), false)
 9 FCPATH\index.php(55): CodeIgniter\CodeIgniter->run()
CRITICAL - 2022-06-14 00:50:27 --> Undefined variable: data
in APPPATH\Views\home.php on line 89.
 1 APPPATH\Views\home.php(89): CodeIgniter\Debug\Exceptions->errorHandler(8, 'Undefined variable: data', 'APPPATH\\Views\\home.php', 89, [...])
 2 SYSTEMPATH\View\View.php(213): include('APPPATH\\Views\\home.php')
 3 SYSTEMPATH\View\View.php(216): CodeIgniter\View\View->CodeIgniter\View\{closure}()
 4 SYSTEMPATH\Common.php(1135): CodeIgniter\View\View->render('home', [], true)
 5 APPPATH\Controllers\Home.php(30): view('home', [...])
 6 SYSTEMPATH\CodeIgniter.php(898): App\Controllers\Home->index()
 7 SYSTEMPATH\CodeIgniter.php(468): CodeIgniter\CodeIgniter->runController(Object(App\Controllers\Home))
 8 SYSTEMPATH\CodeIgniter.php(351): CodeIgniter\CodeIgniter->handleRequest(null, Object(Config\Cache), false)
 9 FCPATH\index.php(55): CodeIgniter\CodeIgniter->run()
CRITICAL - 2022-06-14 00:50:28 --> Undefined variable: data
in APPPATH\Views\home.php on line 89.
 1 APPPATH\Views\home.php(89): CodeIgniter\Debug\Exceptions->errorHandler(8, 'Undefined variable: data', 'APPPATH\\Views\\home.php', 89, [...])
 2 SYSTEMPATH\View\View.php(213): include('APPPATH\\Views\\home.php')
 3 SYSTEMPATH\View\View.php(216): CodeIgniter\View\View->CodeIgniter\View\{closure}()
 4 SYSTEMPATH\Common.php(1135): CodeIgniter\View\View->render('home', [], true)
 5 APPPATH\Controllers\Home.php(30): view('home', [...])
 6 SYSTEMPATH\CodeIgniter.php(898): App\Controllers\Home->index()
 7 SYSTEMPATH\CodeIgniter.php(468): CodeIgniter\CodeIgniter->runController(Object(App\Controllers\Home))
 8 SYSTEMPATH\CodeIgniter.php(351): CodeIgniter\CodeIgniter->handleRequest(null, Object(Config\Cache), false)
 9 FCPATH\index.php(55): CodeIgniter\CodeIgniter->run()
CRITICAL - 2022-06-14 00:53:53 --> Argument 2 passed to CodeIgniter\HTTP\RedirectResponse::to() must be of the type int or null, string given, called in C:\xampp\htdocs\tubes_web\app\Controllers\User.php on line 72
in SYSTEMPATH\HTTP\RedirectResponse.php on line 32.
 1 APPPATH\Controllers\User.php(72): CodeIgniter\HTTP\RedirectResponse->to('http://localhost/tubes_web/home', 'Yosafat')
 2 SYSTEMPATH\CodeIgniter.php(898): App\Controllers\User->process()
 3 SYSTEMPATH\CodeIgniter.php(468): CodeIgniter\CodeIgniter->runController(Object(App\Controllers\User))
 4 SYSTEMPATH\CodeIgniter.php(351): CodeIgniter\CodeIgniter->handleRequest(null, Object(Config\Cache), false)
 5 FCPATH\index.php(55): CodeIgniter\CodeIgniter->run()
CRITICAL - 2022-06-14 00:54:16 --> Undefined variable: data
in APPPATH\Views\home.php on line 90.
 1 APPPATH\Views\home.php(90): CodeIgniter\Debug\Exceptions->errorHandler(8, 'Undefined variable: data', 'APPPATH\\Views\\home.php', 90, [...])
 2 SYSTEMPATH\View\View.php(213): include('APPPATH\\Views\\home.php')
 3 SYSTEMPATH\View\View.php(216): CodeIgniter\View\View->CodeIgniter\View\{closure}()
 4 SYSTEMPATH\Common.php(1135): CodeIgniter\View\View->render('home', [], true)
 5 APPPATH\Controllers\Home.php(30): view('home', [...])
 6 SYSTEMPATH\CodeIgniter.php(898): App\Controllers\Home->index()
 7 SYSTEMPATH\CodeIgniter.php(468): CodeIgniter\CodeIgniter->runController(Object(App\Controllers\Home))
 8 SYSTEMPATH\CodeIgniter.php(351): CodeIgniter\CodeIgniter->handleRequest(null, Object(Config\Cache), false)
 9 FCPATH\index.php(55): CodeIgniter\CodeIgniter->run()
CRITICAL - 2022-06-14 00:55:13 --> Undefined variable: dataUser
in APPPATH\Views\home.php on line 90.
 1 APPPATH\Views\home.php(90): CodeIgniter\Debug\Exceptions->errorHandler(8, 'Undefined variable: dataUser', 'APPPATH\\Views\\home.php', 90, [...])
 2 SYSTEMPATH\View\View.php(213): include('APPPATH\\Views\\home.php')
 3 SYSTEMPATH\View\View.php(216): CodeIgniter\View\View->CodeIgniter\View\{closure}()
 4 SYSTEMPATH\Common.php(1135): CodeIgniter\View\View->render('home', [], true)
 5 APPPATH\Controllers\Home.php(30): view('home', [...])
 6 SYSTEMPATH\CodeIgniter.php(898): App\Controllers\Home->index()
 7 SYSTEMPATH\CodeIgniter.php(468): CodeIgniter\CodeIgniter->runController(Object(App\Controllers\Home))
 8 SYSTEMPATH\CodeIgniter.php(351): CodeIgniter\CodeIgniter->handleRequest(null, Object(Config\Cache), false)
 9 FCPATH\index.php(55): CodeIgniter\CodeIgniter->run()
CRITICAL - 2022-06-14 00:57:51 --> syntax error, unexpected '}'
in APPPATH\Views\home.php on line 92.
 1 SYSTEMPATH\View\View.php(216): CodeIgniter\View\View->CodeIgniter\View\{closure}()
 2 SYSTEMPATH\Common.php(1135): CodeIgniter\View\View->render('home', [], true)
 3 APPPATH\Controllers\Home.php(30): view('home', [...])
 4 SYSTEMPATH\CodeIgniter.php(898): App\Controllers\Home->index()
 5 SYSTEMPATH\CodeIgniter.php(468): CodeIgniter\CodeIgniter->runController(Object(App\Controllers\Home))
 6 SYSTEMPATH\CodeIgniter.php(351): CodeIgniter\CodeIgniter->handleRequest(null, Object(Config\Cache), false)
 7 FCPATH\index.php(55): CodeIgniter\CodeIgniter->run()
CRITICAL - 2022-06-14 01:10:33 --> syntax error, unexpected end of file, expecting elseif (T_ELSEIF) or else (T_ELSE) or endif (T_ENDIF)
in APPPATH\Views\home.php on line 240.
 1 SYSTEMPATH\View\View.php(216): CodeIgniter\View\View->CodeIgniter\View\{closure}()
 2 SYSTEMPATH\Common.php(1135): CodeIgniter\View\View->render('home', [], true)
 3 APPPATH\Controllers\Home.php(30): view('home', [...])
 4 SYSTEMPATH\CodeIgniter.php(898): App\Controllers\Home->index()
 5 SYSTEMPATH\CodeIgniter.php(468): CodeIgniter\CodeIgniter->runController(Object(App\Controllers\Home))
 6 SYSTEMPATH\CodeIgniter.php(351): CodeIgniter\CodeIgniter->handleRequest(null, Object(Config\Cache), false)
 7 FCPATH\index.php(55): CodeIgniter\CodeIgniter->run()
CRITICAL - 2022-06-14 01:35:46 --> Undefined variable: _SESSION
in APPPATH\Views\home.php on line 89.
 1 APPPATH\Views\home.php(89): CodeIgniter\Debug\Exceptions->errorHandler(8, 'Undefined variable: _SESSION', 'APPPATH\\Views\\home.php', 89, [...])
 2 SYSTEMPATH\View\View.php(213): include('APPPATH\\Views\\home.php')
 3 SYSTEMPATH\View\View.php(216): CodeIgniter\View\View->CodeIgniter\View\{closure}()
 4 SYSTEMPATH\Common.php(1135): CodeIgniter\View\View->render('home', [], true)
 5 APPPATH\Controllers\Home.php(30): view('home', [...])
 6 SYSTEMPATH\CodeIgniter.php(898): App\Controllers\Home->index()
 7 SYSTEMPATH\CodeIgniter.php(468): CodeIgniter\CodeIgniter->runController(Object(App\Controllers\Home))
 8 SYSTEMPATH\CodeIgniter.php(351): CodeIgniter\CodeIgniter->handleRequest(null, Object(Config\Cache), false)
 9 FCPATH\index.php(55): CodeIgniter\CodeIgniter->run()
CRITICAL - 2022-06-14 01:38:20 --> Undefined variable: _SESSION
in APPPATH\Views\home.php on line 89.
 1 APPPATH\Views\home.php(89): CodeIgniter\Debug\Exceptions->errorHandler(8, 'Undefined variable: _SESSION', 'APPPATH\\Views\\home.php', 89, [...])
 2 SYSTEMPATH\View\View.php(213): include('APPPATH\\Views\\home.php')
 3 SYSTEMPATH\View\View.php(216): CodeIgniter\View\View->CodeIgniter\View\{closure}()
 4 SYSTEMPATH\Common.php(1135): CodeIgniter\View\View->render('home', [], true)
 5 APPPATH\Controllers\Home.php(30): view('home', [...])
 6 SYSTEMPATH\CodeIgniter.php(898): App\Controllers\Home->index()
 7 SYSTEMPATH\CodeIgniter.php(468): CodeIgniter\CodeIgniter->runController(Object(App\Controllers\Home))
 8 SYSTEMPATH\CodeIgniter.php(351): CodeIgniter\CodeIgniter->handleRequest(null, Object(Config\Cache), false)
 9 FCPATH\index.php(55): CodeIgniter\CodeIgniter->run()
CRITICAL - 2022-06-14 01:39:29 --> Undefined index: email
in APPPATH\Views\home.php on line 98.
 1 APPPATH\Views\home.php(98): CodeIgniter\Debug\Exceptions->errorHandler(8, 'Undefined index: email', 'APPPATH\\Views\\home.php', 98, [...])
 2 SYSTEMPATH\View\View.php(213): include('APPPATH\\Views\\home.php')
 3 SYSTEMPATH\View\View.php(216): CodeIgniter\View\View->CodeIgniter\View\{closure}()
 4 SYSTEMPATH\Common.php(1135): CodeIgniter\View\View->render('home', [], true)
 5 APPPATH\Controllers\Home.php(30): view('home', [...])
 6 SYSTEMPATH\CodeIgniter.php(898): App\Controllers\Home->index()
 7 SYSTEMPATH\CodeIgniter.php(468): CodeIgniter\CodeIgniter->runController(Object(App\Controllers\Home))
 8 SYSTEMPATH\CodeIgniter.php(351): CodeIgniter\CodeIgniter->handleRequest(null, Object(Config\Cache), false)
 9 FCPATH\index.php(55): CodeIgniter\CodeIgniter->run()
CRITICAL - 2022-06-14 01:41:49 --> Undefined variable: _SESSION
in APPPATH\Views\home.php on line 90.
 1 APPPATH\Views\home.php(90): CodeIgniter\Debug\Exceptions->errorHandler(8, 'Undefined variable: _SESSION', 'APPPATH\\Views\\home.php', 90, [...])
 2 SYSTEMPATH\View\View.php(213): include('APPPATH\\Views\\home.php')
 3 SYSTEMPATH\View\View.php(216): CodeIgniter\View\View->CodeIgniter\View\{closure}()
 4 SYSTEMPATH\Common.php(1135): CodeIgniter\View\View->render('home', [], true)
 5 APPPATH\Controllers\Home.php(30): view('home', [...])
 6 SYSTEMPATH\CodeIgniter.php(898): App\Controllers\Home->index()
 7 SYSTEMPATH\CodeIgniter.php(468): CodeIgniter\CodeIgniter->runController(Object(App\Controllers\Home))
 8 SYSTEMPATH\CodeIgniter.php(351): CodeIgniter\CodeIgniter->handleRequest(null, Object(Config\Cache), false)
 9 FCPATH\index.php(55): CodeIgniter\CodeIgniter->run()
CRITICAL - 2022-06-14 01:42:29 --> Undefined variable: session
in APPPATH\Views\home.php on line 91.
 1 APPPATH\Views\home.php(91): CodeIgniter\Debug\Exceptions->errorHandler(8, 'Undefined variable: session', 'APPPATH\\Views\\home.php', 91, [...])
 2 SYSTEMPATH\View\View.php(213): include('APPPATH\\Views\\home.php')
 3 SYSTEMPATH\View\View.php(216): CodeIgniter\View\View->CodeIgniter\View\{closure}()
 4 SYSTEMPATH\Common.php(1135): CodeIgniter\View\View->render('home', [], true)
 5 APPPATH\Controllers\Home.php(30): view('home', [...])
 6 SYSTEMPATH\CodeIgniter.php(898): App\Controllers\Home->index()
 7 SYSTEMPATH\CodeIgniter.php(468): CodeIgniter\CodeIgniter->runController(Object(App\Controllers\Home))
 8 SYSTEMPATH\CodeIgniter.php(351): CodeIgniter\CodeIgniter->handleRequest(null, Object(Config\Cache), false)
 9 FCPATH\index.php(55): CodeIgniter\CodeIgniter->run()
CRITICAL - 2022-06-14 01:44:34 --> Undefined variable: session
in APPPATH\Views\home.php on line 89.
 1 APPPATH\Views\home.php(89): CodeIgniter\Debug\Exceptions->errorHandler(8, 'Undefined variable: session', 'APPPATH\\Views\\home.php', 89, [...])
 2 SYSTEMPATH\View\View.php(213): include('APPPATH\\Views\\home.php')
 3 SYSTEMPATH\View\View.php(216): CodeIgniter\View\View->CodeIgniter\View\{closure}()
 4 SYSTEMPATH\Common.php(1135): CodeIgniter\View\View->render('home', [], true)
 5 APPPATH\Controllers\Home.php(30): view('home', [...])
 6 SYSTEMPATH\CodeIgniter.php(898): App\Controllers\Home->index()
 7 SYSTEMPATH\CodeIgniter.php(468): CodeIgniter\CodeIgniter->runController(Object(App\Controllers\Home))
 8 SYSTEMPATH\CodeIgniter.php(351): CodeIgniter\CodeIgniter->handleRequest(null, Object(Config\Cache), false)
 9 FCPATH\index.php(55): CodeIgniter\CodeIgniter->run()
CRITICAL - 2022-06-14 02:13:20 --> Invalid file: profile_user.php
in SYSTEMPATH\Exceptions\FrameworkException.php on line 33.
 1 SYSTEMPATH\View\View.php(201): CodeIgniter\Exceptions\FrameworkException::forInvalidFile('profile_user.php')
 2 SYSTEMPATH\Common.php(1135): CodeIgniter\View\View->render('profile_user', [], true)
 3 APPPATH\Controllers\User.php(105): view('profile_user', [...])
 4 SYSTEMPATH\CodeIgniter.php(898): App\Controllers\User->displayProfile()
 5 SYSTEMPATH\CodeIgniter.php(468): CodeIgniter\CodeIgniter->runController(Object(App\Controllers\User))
 6 SYSTEMPATH\CodeIgniter.php(351): CodeIgniter\CodeIgniter->handleRequest(null, Object(Config\Cache), false)
 7 FCPATH\index.php(55): CodeIgniter\CodeIgniter->run()
CRITICAL - 2022-06-14 02:23:10 --> Invalid file: profile_user.php
in SYSTEMPATH\Exceptions\FrameworkException.php on line 33.
 1 SYSTEMPATH\View\View.php(201): CodeIgniter\Exceptions\FrameworkException::forInvalidFile('profile_user.php')
 2 SYSTEMPATH\Common.php(1135): CodeIgniter\View\View->render('profile_user', [], true)
 3 APPPATH\Controllers\User.php(105): view('profile_user', [...])
 4 SYSTEMPATH\CodeIgniter.php(898): App\Controllers\User->displayProfile()
 5 SYSTEMPATH\CodeIgniter.php(468): CodeIgniter\CodeIgniter->runController(Object(App\Controllers\User))
 6 SYSTEMPATH\CodeIgniter.php(351): CodeIgniter\CodeIgniter->handleRequest(null, Object(Config\Cache), false)
 7 FCPATH\index.php(55): CodeIgniter\CodeIgniter->run()
CRITICAL - 2022-06-14 02:24:47 --> Invalid file: profile_user.php
in SYSTEMPATH\Exceptions\FrameworkException.php on line 33.
 1 SYSTEMPATH\View\View.php(201): CodeIgniter\Exceptions\FrameworkException::forInvalidFile('profile_user.php')
 2 SYSTEMPATH\Common.php(1135): CodeIgniter\View\View->render('profile_user', [], true)
 3 APPPATH\Controllers\User.php(105): view('profile_user', [...])
 4 SYSTEMPATH\CodeIgniter.php(898): App\Controllers\User->displayProfile()
 5 SYSTEMPATH\CodeIgniter.php(468): CodeIgniter\CodeIgniter->runController(Object(App\Controllers\User))
 6 SYSTEMPATH\CodeIgniter.php(351): CodeIgniter\CodeIgniter->handleRequest(null, Object(Config\Cache), false)
 7 FCPATH\index.php(55): CodeIgniter\CodeIgniter->run()
CRITICAL - 2022-06-14 02:24:54 --> Invalid file: profile_user.php
in SYSTEMPATH\Exceptions\FrameworkException.php on line 33.
 1 SYSTEMPATH\View\View.php(201): CodeIgniter\Exceptions\FrameworkException::forInvalidFile('profile_user.php')
 2 SYSTEMPATH\Common.php(1135): CodeIgniter\View\View->render('profile_user', [], true)
 3 APPPATH\Controllers\User.php(105): view('profile_user', [...])
 4 SYSTEMPATH\CodeIgniter.php(898): App\Controllers\User->displayProfile()
 5 SYSTEMPATH\CodeIgniter.php(468): CodeIgniter\CodeIgniter->runController(Object(App\Controllers\User))
 6 SYSTEMPATH\CodeIgniter.php(351): CodeIgniter\CodeIgniter->handleRequest(null, Object(Config\Cache), false)
 7 FCPATH\index.php(55): CodeIgniter\CodeIgniter->run()
CRITICAL - 2022-06-14 02:26:07 --> Invalid file: profile_user.php
in SYSTEMPATH\Exceptions\FrameworkException.php on line 33.
 1 SYSTEMPATH\View\View.php(201): CodeIgniter\Exceptions\FrameworkException::forInvalidFile('profile_user.php')
 2 SYSTEMPATH\Common.php(1135): CodeIgniter\View\View->render('profile_user', [], true)
 3 APPPATH\Controllers\User.php(105): view('profile_user', [...])
 4 SYSTEMPATH\CodeIgniter.php(898): App\Controllers\User->displayProfile()
 5 SYSTEMPATH\CodeIgniter.php(468): CodeIgniter\CodeIgniter->runController(Object(App\Controllers\User))
 6 SYSTEMPATH\CodeIgniter.php(351): CodeIgniter\CodeIgniter->handleRequest(null, Object(Config\Cache), false)
 7 FCPATH\index.php(55): CodeIgniter\CodeIgniter->run()
CRITICAL - 2022-06-14 02:26:23 --> Undefined index: nama
in APPPATH\Views\profile_user.php on line 141.
 1 APPPATH\Views\profile_user.php(141): CodeIgniter\Debug\Exceptions->errorHandler(8, 'Undefined index: nama', 'APPPATH\\Views\\profile_user.php', 141, [...])
 2 SYSTEMPATH\View\View.php(213): include('APPPATH\\Views\\profile_user.php')
 3 SYSTEMPATH\View\View.php(216): CodeIgniter\View\View->CodeIgniter\View\{closure}()
 4 SYSTEMPATH\Common.php(1135): CodeIgniter\View\View->render('profile_user', [], true)
 5 APPPATH\Controllers\User.php(105): view('profile_user', [...])
 6 SYSTEMPATH\CodeIgniter.php(898): App\Controllers\User->displayProfile()
 7 SYSTEMPATH\CodeIgniter.php(468): CodeIgniter\CodeIgniter->runController(Object(App\Controllers\User))
 8 SYSTEMPATH\CodeIgniter.php(351): CodeIgniter\CodeIgniter->handleRequest(null, Object(Config\Cache), false)
 9 FCPATH\index.php(55): CodeIgniter\CodeIgniter->run()
CRITICAL - 2022-06-14 02:32:30 --> Undefined variable: row
in APPPATH\Views\profile_user.php on line 132.
 1 APPPATH\Views\profile_user.php(132): CodeIgniter\Debug\Exceptions->errorHandler(8, 'Undefined variable: row', 'APPPATH\\Views\\profile_user.php', 132, [...])
 2 SYSTEMPATH\View\View.php(213): include('APPPATH\\Views\\profile_user.php')
 3 SYSTEMPATH\View\View.php(216): CodeIgniter\View\View->CodeIgniter\View\{closure}()
 4 SYSTEMPATH\Common.php(1135): CodeIgniter\View\View->render('profile_user', [], true)
 5 APPPATH\Controllers\User.php(105): view('profile_user', [...])
 6 SYSTEMPATH\CodeIgniter.php(898): App\Controllers\User->displayProfile()
 7 SYSTEMPATH\CodeIgniter.php(468): CodeIgniter\CodeIgniter->runController(Object(App\Controllers\User))
 8 SYSTEMPATH\CodeIgniter.php(351): CodeIgniter\CodeIgniter->handleRequest(null, Object(Config\Cache), false)
 9 FCPATH\index.php(55): CodeIgniter\CodeIgniter->run()
CRITICAL - 2022-06-14 02:38:07 --> Too few arguments to function App\Controllers\User::displayProfile(), 0 passed in C:\xampp\htdocs\tubes_web\vendor\codeigniter4\framework\system\CodeIgniter.php on line 898 and exactly 1 expected
in APPPATH\Controllers\User.php on line 94.
 1 SYSTEMPATH\CodeIgniter.php(898): App\Controllers\User->displayProfile()
 2 SYSTEMPATH\CodeIgniter.php(468): CodeIgniter\CodeIgniter->runController(Object(App\Controllers\User))
 3 SYSTEMPATH\CodeIgniter.php(351): CodeIgniter\CodeIgniter->handleRequest(null, Object(Config\Cache), false)
 4 FCPATH\index.php(55): CodeIgniter\CodeIgniter->run()
CRITICAL - 2022-06-14 02:38:37 --> Too few arguments to function App\Controllers\User::displayProfile(), 0 passed in C:\xampp\htdocs\tubes_web\vendor\codeigniter4\framework\system\CodeIgniter.php on line 898 and exactly 1 expected
in APPPATH\Controllers\User.php on line 94.
 1 SYSTEMPATH\CodeIgniter.php(898): App\Controllers\User->displayProfile()
 2 SYSTEMPATH\CodeIgniter.php(468): CodeIgniter\CodeIgniter->runController(Object(App\Controllers\User))
 3 SYSTEMPATH\CodeIgniter.php(351): CodeIgniter\CodeIgniter->handleRequest(null, Object(Config\Cache), false)
 4 FCPATH\index.php(55): CodeIgniter\CodeIgniter->run()
CRITICAL - 2022-06-14 02:44:27 --> Undefined variable: user
in APPPATH\Controllers\Home.php on line 31.
 1 APPPATH\Controllers\Home.php(31): CodeIgniter\Debug\Exceptions->errorHandler(8, 'Undefined variable: user', 'APPPATH\\Controllers\\Home.php', 31, [...])
 2 SYSTEMPATH\CodeIgniter.php(898): App\Controllers\Home->index()
 3 SYSTEMPATH\CodeIgniter.php(468): CodeIgniter\CodeIgniter->runController(Object(App\Controllers\Home))
 4 SYSTEMPATH\CodeIgniter.php(351): CodeIgniter\CodeIgniter->handleRequest(null, Object(Config\Cache), false)
 5 FCPATH\index.php(55): CodeIgniter\CodeIgniter->run()
CRITICAL - 2022-06-14 02:44:32 --> Undefined variable: user
in APPPATH\Controllers\Home.php on line 31.
 1 APPPATH\Controllers\Home.php(31): CodeIgniter\Debug\Exceptions->errorHandler(8, 'Undefined variable: user', 'APPPATH\\Controllers\\Home.php', 31, [...])
 2 SYSTEMPATH\CodeIgniter.php(898): App\Controllers\Home->index()
 3 SYSTEMPATH\CodeIgniter.php(468): CodeIgniter\CodeIgniter->runController(Object(App\Controllers\Home))
 4 SYSTEMPATH\CodeIgniter.php(351): CodeIgniter\CodeIgniter->handleRequest(null, Object(Config\Cache), false)
 5 FCPATH\index.php(55): CodeIgniter\CodeIgniter->run()
CRITICAL - 2022-06-14 02:47:19 --> Undefined index: id_dosen
in APPPATH\Views\home.php on line 99.
 1 APPPATH\Views\home.php(99): CodeIgniter\Debug\Exceptions->errorHandler(8, 'Undefined index: id_dosen', 'APPPATH\\Views\\home.php', 99, [...])
 2 SYSTEMPATH\View\View.php(213): include('APPPATH\\Views\\home.php')
 3 SYSTEMPATH\View\View.php(216): CodeIgniter\View\View->CodeIgniter\View\{closure}()
 4 SYSTEMPATH\Common.php(1135): CodeIgniter\View\View->render('home', [], true)
 5 APPPATH\Controllers\Home.php(35): view('home', [...])
 6 SYSTEMPATH\CodeIgniter.php(898): App\Controllers\Home->index()
 7 SYSTEMPATH\CodeIgniter.php(468): CodeIgniter\CodeIgniter->runController(Object(App\Controllers\Home))
 8 SYSTEMPATH\CodeIgniter.php(351): CodeIgniter\CodeIgniter->handleRequest(null, Object(Config\Cache), false)
 9 FCPATH\index.php(55): CodeIgniter\CodeIgniter->run()
CRITICAL - 2022-06-14 02:47:27 --> Undefined index: id_dosen
in APPPATH\Views\home.php on line 99.
 1 APPPATH\Views\home.php(99): CodeIgniter\Debug\Exceptions->errorHandler(8, 'Undefined index: id_dosen', 'APPPATH\\Views\\home.php', 99, [...])
 2 SYSTEMPATH\View\View.php(213): include('APPPATH\\Views\\home.php')
 3 SYSTEMPATH\View\View.php(216): CodeIgniter\View\View->CodeIgniter\View\{closure}()
 4 SYSTEMPATH\Common.php(1135): CodeIgniter\View\View->render('home', [], true)
 5 APPPATH\Controllers\Home.php(35): view('home', [...])
 6 SYSTEMPATH\CodeIgniter.php(898): App\Controllers\Home->index()
 7 SYSTEMPATH\CodeIgniter.php(468): CodeIgniter\CodeIgniter->runController(Object(App\Controllers\Home))
 8 SYSTEMPATH\CodeIgniter.php(351): CodeIgniter\CodeIgniter->handleRequest(null, Object(Config\Cache), false)
 9 FCPATH\index.php(55): CodeIgniter\CodeIgniter->run()
CRITICAL - 2022-06-14 02:47:42 --> Undefined index: id_user
in APPPATH\Views\home.php on line 99.
 1 APPPATH\Views\home.php(99): CodeIgniter\Debug\Exceptions->errorHandler(8, 'Undefined index: id_user', 'APPPATH\\Views\\home.php', 99, [...])
 2 SYSTEMPATH\View\View.php(213): include('APPPATH\\Views\\home.php')
 3 SYSTEMPATH\View\View.php(216): CodeIgniter\View\View->CodeIgniter\View\{closure}()
 4 SYSTEMPATH\Common.php(1135): CodeIgniter\View\View->render('home', [], true)
 5 APPPATH\Controllers\Home.php(35): view('home', [...])
 6 SYSTEMPATH\CodeIgniter.php(898): App\Controllers\Home->index()
 7 SYSTEMPATH\CodeIgniter.php(468): CodeIgniter\CodeIgniter->runController(Object(App\Controllers\Home))
 8 SYSTEMPATH\CodeIgniter.php(351): CodeIgniter\CodeIgniter->handleRequest(null, Object(Config\Cache), false)
 9 FCPATH\index.php(55): CodeIgniter\CodeIgniter->run()
CRITICAL - 2022-06-14 02:47:55 --> Undefined index: email
in APPPATH\Views\home.php on line 99.
 1 APPPATH\Views\home.php(99): CodeIgniter\Debug\Exceptions->errorHandler(8, 'Undefined index: email', 'APPPATH\\Views\\home.php', 99, [...])
 2 SYSTEMPATH\View\View.php(213): include('APPPATH\\Views\\home.php')
 3 SYSTEMPATH\View\View.php(216): CodeIgniter\View\View->CodeIgniter\View\{closure}()
 4 SYSTEMPATH\Common.php(1135): CodeIgniter\View\View->render('home', [], true)
 5 APPPATH\Controllers\Home.php(35): view('home', [...])
 6 SYSTEMPATH\CodeIgniter.php(898): App\Controllers\Home->index()
 7 SYSTEMPATH\CodeIgniter.php(468): CodeIgniter\CodeIgniter->runController(Object(App\Controllers\Home))
 8 SYSTEMPATH\CodeIgniter.php(351): CodeIgniter\CodeIgniter->handleRequest(null, Object(Config\Cache), false)
 9 FCPATH\index.php(55): CodeIgniter\CodeIgniter->run()
CRITICAL - 2022-06-14 02:48:37 --> Undefined variable: id_user
in APPPATH\Controllers\Home.php on line 26.
 1 APPPATH\Controllers\Home.php(26): CodeIgniter\Debug\Exceptions->errorHandler(8, 'Undefined variable: id_user', 'APPPATH\\Controllers\\Home.php', 26, [...])
 2 SYSTEMPATH\CodeIgniter.php(898): App\Controllers\Home->index()
 3 SYSTEMPATH\CodeIgniter.php(468): CodeIgniter\CodeIgniter->runController(Object(App\Controllers\Home))
 4 SYSTEMPATH\CodeIgniter.php(351): CodeIgniter\CodeIgniter->handleRequest(null, Object(Config\Cache), false)
 5 FCPATH\index.php(55): CodeIgniter\CodeIgniter->run()
CRITICAL - 2022-06-14 02:48:52 --> Undefined index: id_user
in APPPATH\Views\home.php on line 99.
 1 APPPATH\Views\home.php(99): CodeIgniter\Debug\Exceptions->errorHandler(8, 'Undefined index: id_user', 'APPPATH\\Views\\home.php', 99, [...])
 2 SYSTEMPATH\View\View.php(213): include('APPPATH\\Views\\home.php')
 3 SYSTEMPATH\View\View.php(216): CodeIgniter\View\View->CodeIgniter\View\{closure}()
 4 SYSTEMPATH\Common.php(1135): CodeIgniter\View\View->render('home', [], true)
 5 APPPATH\Controllers\Home.php(35): view('home', [...])
 6 SYSTEMPATH\CodeIgniter.php(898): App\Controllers\Home->index()
 7 SYSTEMPATH\CodeIgniter.php(468): CodeIgniter\CodeIgniter->runController(Object(App\Controllers\Home))
 8 SYSTEMPATH\CodeIgniter.php(351): CodeIgniter\CodeIgniter->handleRequest(null, Object(Config\Cache), false)
 9 FCPATH\index.php(55): CodeIgniter\CodeIgniter->run()
CRITICAL - 2022-06-14 02:50:21 --> Undefined index: id_user
in APPPATH\Views\home.php on line 99.
 1 APPPATH\Views\home.php(99): CodeIgniter\Debug\Exceptions->errorHandler(8, 'Undefined index: id_user', 'APPPATH\\Views\\home.php', 99, [...])
 2 SYSTEMPATH\View\View.php(213): include('APPPATH\\Views\\home.php')
 3 SYSTEMPATH\View\View.php(216): CodeIgniter\View\View->CodeIgniter\View\{closure}()
 4 SYSTEMPATH\Common.php(1135): CodeIgniter\View\View->render('home', [], true)
 5 APPPATH\Controllers\Home.php(35): view('home', [...])
 6 SYSTEMPATH\CodeIgniter.php(898): App\Controllers\Home->index()
 7 SYSTEMPATH\CodeIgniter.php(468): CodeIgniter\CodeIgniter->runController(Object(App\Controllers\Home))
 8 SYSTEMPATH\CodeIgniter.php(351): CodeIgniter\CodeIgniter->handleRequest(null, Object(Config\Cache), false)
 9 FCPATH\index.php(55): CodeIgniter\CodeIgniter->run()
CRITICAL - 2022-06-14 02:51:58 --> Object of class CodeIgniter\Session\Session could not be converted to string
in SYSTEMPATH\Database\Query.php on line 335.
 1 SYSTEMPATH\Database\Query.php(335): strtr('SELECT *
FROM `user`
WHERE `id_user` = :id_user:
 LIMIT 1', [...])
 2 SYSTEMPATH\Database\Query.php(310): CodeIgniter\Database\Query->matchNamedBinds('SELECT *
FROM `user`
WHERE `id_user` = :id_user:
 LIMIT 1', [...])
 3 SYSTEMPATH\Database\Query.php(159): CodeIgniter\Database\Query->compileBinds()
 4 SYSTEMPATH\Database\BaseConnection.php(606): CodeIgniter\Database\Query->getQuery()
 5 SYSTEMPATH\Database\BaseBuilder.php(1585): CodeIgniter\Database\BaseConnection->query('SELECT *
FROM `user`
WHERE `id_user` = :id_user:
 LIMIT 1', [...], false)
 6 SYSTEMPATH\Model.php(249): CodeIgniter\Database\BaseBuilder->get()
 7 SYSTEMPATH\BaseModel.php(622): CodeIgniter\Model->doFirst()
 8 APPPATH\Models\userModel.php(20): CodeIgniter\BaseModel->first()
 9 APPPATH\Controllers\Home.php(29): App\Models\userModel->getUser(Object(CodeIgniter\Session\Session))
10 SYSTEMPATH\CodeIgniter.php(898): App\Controllers\Home->index()
11 SYSTEMPATH\CodeIgniter.php(468): CodeIgniter\CodeIgniter->runController(Object(App\Controllers\Home))
12 SYSTEMPATH\CodeIgniter.php(351): CodeIgniter\CodeIgniter->handleRequest(null, Object(Config\Cache), false)
13 FCPATH\index.php(55): CodeIgniter\CodeIgniter->run()
CRITICAL - 2022-06-14 02:55:16 --> Undefined variable: session
in APPPATH\Controllers\Home.php on line 27.
 1 APPPATH\Controllers\Home.php(27): CodeIgniter\Debug\Exceptions->errorHandler(8, 'Undefined variable: session', 'APPPATH\\Controllers\\Home.php', 27, [...])
 2 SYSTEMPATH\CodeIgniter.php(898): App\Controllers\Home->index()
 3 SYSTEMPATH\CodeIgniter.php(468): CodeIgniter\CodeIgniter->runController(Object(App\Controllers\Home))
 4 SYSTEMPATH\CodeIgniter.php(351): CodeIgniter\CodeIgniter->handleRequest(null, Object(Config\Cache), false)
 5 FCPATH\index.php(55): CodeIgniter\CodeIgniter->run()
CRITICAL - 2022-06-14 02:55:27 --> Undefined variable: session
in APPPATH\Controllers\Home.php on line 27.
 1 APPPATH\Controllers\Home.php(27): CodeIgniter\Debug\Exceptions->errorHandler(8, 'Undefined variable: session', 'APPPATH\\Controllers\\Home.php', 27, [...])
 2 SYSTEMPATH\CodeIgniter.php(898): App\Controllers\Home->index()
 3 SYSTEMPATH\CodeIgniter.php(468): CodeIgniter\CodeIgniter->runController(Object(App\Controllers\Home))
 4 SYSTEMPATH\CodeIgniter.php(351): CodeIgniter\CodeIgniter->handleRequest(null, Object(Config\Cache), false)
 5 FCPATH\index.php(55): CodeIgniter\CodeIgniter->run()
CRITICAL - 2022-06-14 02:56:28 --> Undefined index: id_user
in APPPATH\Views\home.php on line 99.
 1 APPPATH\Views\home.php(99): CodeIgniter\Debug\Exceptions->errorHandler(8, 'Undefined index: id_user', 'APPPATH\\Views\\home.php', 99, [...])
 2 SYSTEMPATH\View\View.php(213): include('APPPATH\\Views\\home.php')
 3 SYSTEMPATH\View\View.php(216): CodeIgniter\View\View->CodeIgniter\View\{closure}()
 4 SYSTEMPATH\Common.php(1135): CodeIgniter\View\View->render('home', [], true)
 5 APPPATH\Controllers\Home.php(41): view('home', [...])
 6 SYSTEMPATH\CodeIgniter.php(898): App\Controllers\Home->index()
 7 SYSTEMPATH\CodeIgniter.php(468): CodeIgniter\CodeIgniter->runController(Object(App\Controllers\Home))
 8 SYSTEMPATH\CodeIgniter.php(351): CodeIgniter\CodeIgniter->handleRequest(null, Object(Config\Cache), false)
 9 FCPATH\index.php(55): CodeIgniter\CodeIgniter->run()
CRITICAL - 2022-06-14 03:03:33 --> syntax error, unexpected '' (T_ENCAPSED_AND_WHITESPACE), expecting '-' or identifier (T_STRING) or variable (T_VARIABLE) or number (T_NUM_STRING)
in APPPATH\Views\profile_user.php on line 142.
 1 SYSTEMPATH\View\View.php(216): CodeIgniter\View\View->CodeIgniter\View\{closure}()
 2 SYSTEMPATH\Common.php(1135): CodeIgniter\View\View->render('profile_user', [], true)
 3 APPPATH\Controllers\User.php(102): view('profile_user', [...])
 4 SYSTEMPATH\CodeIgniter.php(898): App\Controllers\User->displayProfile('2')
 5 SYSTEMPATH\CodeIgniter.php(468): CodeIgniter\CodeIgniter->runController(Object(App\Controllers\User))
 6 SYSTEMPATH\CodeIgniter.php(351): CodeIgniter\CodeIgniter->handleRequest(null, Object(Config\Cache), false)
 7 FCPATH\index.php(55): CodeIgniter\CodeIgniter->run()
CRITICAL - 2022-06-14 03:43:41 --> Undefined variable: ini
in APPPATH\Views\home.php on line 187.
 1 APPPATH\Views\home.php(187): CodeIgniter\Debug\Exceptions->errorHandler(8, 'Undefined variable: ini', 'APPPATH\\Views\\home.php', 187, [...])
 2 SYSTEMPATH\View\View.php(213): include('APPPATH\\Views\\home.php')
 3 SYSTEMPATH\View\View.php(216): CodeIgniter\View\View->CodeIgniter\View\{closure}()
 4 SYSTEMPATH\Common.php(1135): CodeIgniter\View\View->render('home', [], true)
 5 APPPATH\Controllers\Home.php(41): view('home', [...])
 6 SYSTEMPATH\CodeIgniter.php(898): App\Controllers\Home->index()
 7 SYSTEMPATH\CodeIgniter.php(468): CodeIgniter\CodeIgniter->runController(Object(App\Controllers\Home))
 8 SYSTEMPATH\CodeIgniter.php(351): CodeIgniter\CodeIgniter->handleRequest(null, Object(Config\Cache), false)
 9 FCPATH\index.php(55): CodeIgniter\CodeIgniter->run()
CRITICAL - 2022-06-14 03:43:46 --> Undefined variable: ini
in APPPATH\Views\home.php on line 187.
 1 APPPATH\Views\home.php(187): CodeIgniter\Debug\Exceptions->errorHandler(8, 'Undefined variable: ini', 'APPPATH\\Views\\home.php', 187, [...])
 2 SYSTEMPATH\View\View.php(213): include('APPPATH\\Views\\home.php')
 3 SYSTEMPATH\View\View.php(216): CodeIgniter\View\View->CodeIgniter\View\{closure}()
 4 SYSTEMPATH\Common.php(1135): CodeIgniter\View\View->render('home', [], true)
 5 APPPATH\Controllers\Home.php(41): view('home', [...])
 6 SYSTEMPATH\CodeIgniter.php(898): App\Controllers\Home->index()
 7 SYSTEMPATH\CodeIgniter.php(468): CodeIgniter\CodeIgniter->runController(Object(App\Controllers\Home))
 8 SYSTEMPATH\CodeIgniter.php(351): CodeIgniter\CodeIgniter->handleRequest(null, Object(Config\Cache), false)
 9 FCPATH\index.php(55): CodeIgniter\CodeIgniter->run()
CRITICAL - 2022-06-14 03:44:10 --> Undefined variable: ini
in APPPATH\Views\home.php on line 187.
 1 APPPATH\Views\home.php(187): CodeIgniter\Debug\Exceptions->errorHandler(8, 'Undefined variable: ini', 'APPPATH\\Views\\home.php', 187, [...])
 2 SYSTEMPATH\View\View.php(213): include('APPPATH\\Views\\home.php')
 3 SYSTEMPATH\View\View.php(216): CodeIgniter\View\View->CodeIgniter\View\{closure}()
 4 SYSTEMPATH\Common.php(1135): CodeIgniter\View\View->render('home', [], true)
 5 APPPATH\Controllers\Home.php(41): view('home', [...])
 6 SYSTEMPATH\CodeIgniter.php(898): App\Controllers\Home->index()
 7 SYSTEMPATH\CodeIgniter.php(468): CodeIgniter\CodeIgniter->runController(Object(App\Controllers\Home))
 8 SYSTEMPATH\CodeIgniter.php(351): CodeIgniter\CodeIgniter->handleRequest(null, Object(Config\Cache), false)
 9 FCPATH\index.php(55): CodeIgniter\CodeIgniter->run()
CRITICAL - 2022-06-14 04:06:00 --> Call to a member function isValid() on null
in APPPATH\Controllers\User.php on line 111.
 1 SYSTEMPATH\CodeIgniter.php(898): App\Controllers\User->storePhoto()
 2 SYSTEMPATH\CodeIgniter.php(468): CodeIgniter\CodeIgniter->runController(Object(App\Controllers\User))
 3 SYSTEMPATH\CodeIgniter.php(351): CodeIgniter\CodeIgniter->handleRequest(null, Object(Config\Cache), false)
 4 FCPATH\index.php(55): CodeIgniter\CodeIgniter->run()
CRITICAL - 2022-06-14 04:08:43 --> Undefined variable: imageName
in APPPATH\Controllers\User.php on line 118.
 1 APPPATH\Controllers\User.php(118): CodeIgniter\Debug\Exceptions->errorHandler(8, 'Undefined variable: imageName', 'APPPATH\\Controllers\\User.php', 118, [...])
 2 SYSTEMPATH\CodeIgniter.php(898): App\Controllers\User->storePhoto()
 3 SYSTEMPATH\CodeIgniter.php(468): CodeIgniter\CodeIgniter->runController(Object(App\Controllers\User))
 4 SYSTEMPATH\CodeIgniter.php(351): CodeIgniter\CodeIgniter->handleRequest(null, Object(Config\Cache), false)
 5 FCPATH\index.php(55): CodeIgniter\CodeIgniter->run()
CRITICAL - 2022-06-14 04:32:38 --> Could not move file phpA0DF.tmp to /file/ ()
in SYSTEMPATH\HTTP\Files\UploadedFile.php on line 149.
 1 SYSTEMPATH\HTTP\Files\UploadedFile.php(149): CodeIgniter\HTTP\Exceptions\HTTPException::forMoveFailed('phpA0DF.tmp', 'C:\\file', 'C:\\xampp\\htdocs\\tubes_web')
 2 APPPATH\Controllers\User.php(122): CodeIgniter\HTTP\Files\UploadedFile->move('C:\\file', 'C:\\xampp\\tmp\\phpA0DF.tmp')
 3 SYSTEMPATH\CodeIgniter.php(898): App\Controllers\User->storePhoto()
 4 SYSTEMPATH\CodeIgniter.php(468): CodeIgniter\CodeIgniter->runController(Object(App\Controllers\User))
 5 SYSTEMPATH\CodeIgniter.php(351): CodeIgniter\CodeIgniter->handleRequest(null, Object(Config\Cache), false)
 6 FCPATH\index.php(55): CodeIgniter\CodeIgniter->run()
CRITICAL - 2022-06-14 04:32:42 --> Could not move file phpB2C3.tmp to /file/ ()
in SYSTEMPATH\HTTP\Files\UploadedFile.php on line 149.
 1 SYSTEMPATH\HTTP\Files\UploadedFile.php(149): CodeIgniter\HTTP\Exceptions\HTTPException::forMoveFailed('phpB2C3.tmp', 'C:\\file', 'C:\\xampp\\htdocs\\tubes_web')
 2 APPPATH\Controllers\User.php(122): CodeIgniter\HTTP\Files\UploadedFile->move('C:\\file', 'C:\\xampp\\tmp\\phpB2C3.tmp')
 3 SYSTEMPATH\CodeIgniter.php(898): App\Controllers\User->storePhoto()
 4 SYSTEMPATH\CodeIgniter.php(468): CodeIgniter\CodeIgniter->runController(Object(App\Controllers\User))
 5 SYSTEMPATH\CodeIgniter.php(351): CodeIgniter\CodeIgniter->handleRequest(null, Object(Config\Cache), false)
 6 FCPATH\index.php(55): CodeIgniter\CodeIgniter->run()
CRITICAL - 2022-06-14 04:34:42 --> Argument 2 passed to CodeIgniter\HTTP\RedirectResponse::to() must be of the type int or null, array given, called in C:\xampp\htdocs\tubes_web\app\Controllers\User.php on line 130
in SYSTEMPATH\HTTP\RedirectResponse.php on line 32.
 1 APPPATH\Controllers\User.php(130): CodeIgniter\HTTP\RedirectResponse->to('/profile_user', [...])
 2 SYSTEMPATH\CodeIgniter.php(898): App\Controllers\User->storePhoto()
 3 SYSTEMPATH\CodeIgniter.php(468): CodeIgniter\CodeIgniter->runController(Object(App\Controllers\User))
 4 SYSTEMPATH\CodeIgniter.php(351): CodeIgniter\CodeIgniter->handleRequest(null, Object(Config\Cache), false)
 5 FCPATH\index.php(55): CodeIgniter\CodeIgniter->run()
CRITICAL - 2022-06-14 04:40:30 --> There is no data to insert.
in SYSTEMPATH\BaseModel.php on line 718.
 1 SYSTEMPATH\BaseModel.php(718): CodeIgniter\Database\Exceptions\DataException::forEmptyDataset('insert')
 2 SYSTEMPATH\Model.php(666): CodeIgniter\BaseModel->insert([], true)
 3 APPPATH\Models\userModel.php(31): CodeIgniter\Model->insert([...])
 4 APPPATH\Controllers\User.php(128): App\Models\userModel->saveUser([...])
 5 SYSTEMPATH\CodeIgniter.php(898): App\Controllers\User->storePhoto()
 6 SYSTEMPATH\CodeIgniter.php(468): CodeIgniter\CodeIgniter->runController(Object(App\Controllers\User))
 7 SYSTEMPATH\CodeIgniter.php(351): CodeIgniter\CodeIgniter->handleRequest(null, Object(Config\Cache), false)
 8 FCPATH\index.php(55): CodeIgniter\CodeIgniter->run()
CRITICAL - 2022-06-14 04:42:15 --> There is no data to insert.
in SYSTEMPATH\BaseModel.php on line 718.
 1 SYSTEMPATH\BaseModel.php(718): CodeIgniter\Database\Exceptions\DataException::forEmptyDataset('insert')
 2 SYSTEMPATH\Model.php(666): CodeIgniter\BaseModel->insert([], true)
 3 APPPATH\Models\userModel.php(31): CodeIgniter\Model->insert([...])
 4 APPPATH\Controllers\User.php(128): App\Models\userModel->saveUser([...])
 5 SYSTEMPATH\CodeIgniter.php(898): App\Controllers\User->storePhoto()
 6 SYSTEMPATH\CodeIgniter.php(468): CodeIgniter\CodeIgniter->runController(Object(App\Controllers\User))
 7 SYSTEMPATH\CodeIgniter.php(351): CodeIgniter\CodeIgniter->handleRequest(null, Object(Config\Cache), false)
 8 FCPATH\index.php(55): CodeIgniter\CodeIgniter->run()
CRITICAL - 2022-06-14 04:42:19 --> There is no data to insert.
in SYSTEMPATH\BaseModel.php on line 718.
 1 SYSTEMPATH\BaseModel.php(718): CodeIgniter\Database\Exceptions\DataException::forEmptyDataset('insert')
 2 SYSTEMPATH\Model.php(666): CodeIgniter\BaseModel->insert([], true)
 3 APPPATH\Models\userModel.php(31): CodeIgniter\Model->insert([...])
 4 APPPATH\Controllers\User.php(128): App\Models\userModel->saveUser([...])
 5 SYSTEMPATH\CodeIgniter.php(898): App\Controllers\User->storePhoto()
 6 SYSTEMPATH\CodeIgniter.php(468): CodeIgniter\CodeIgniter->runController(Object(App\Controllers\User))
 7 SYSTEMPATH\CodeIgniter.php(351): CodeIgniter\CodeIgniter->handleRequest(null, Object(Config\Cache), false)
 8 FCPATH\index.php(55): CodeIgniter\CodeIgniter->run()
CRITICAL - 2022-06-14 04:43:22 --> There is no data to insert.
in SYSTEMPATH\BaseModel.php on line 718.
 1 SYSTEMPATH\BaseModel.php(718): CodeIgniter\Database\Exceptions\DataException::forEmptyDataset('insert')
 2 SYSTEMPATH\Model.php(666): CodeIgniter\BaseModel->insert([], true)
 3 APPPATH\Models\userModel.php(31): CodeIgniter\Model->insert([...])
 4 APPPATH\Controllers\User.php(128): App\Models\userModel->saveUser([...])
 5 SYSTEMPATH\CodeIgniter.php(898): App\Controllers\User->storePhoto()
 6 SYSTEMPATH\CodeIgniter.php(468): CodeIgniter\CodeIgniter->runController(Object(App\Controllers\User))
 7 SYSTEMPATH\CodeIgniter.php(351): CodeIgniter\CodeIgniter->handleRequest(null, Object(Config\Cache), false)
 8 FCPATH\index.php(55): CodeIgniter\CodeIgniter->run()
CRITICAL - 2022-06-14 04:44:11 --> Too few arguments to function App\Models\userModel::updateUser(), 1 passed in C:\xampp\htdocs\tubes_web\app\Controllers\User.php on line 128 and exactly 2 expected
in APPPATH\Models\userModel.php on line 35.
 1 APPPATH\Controllers\User.php(128): App\Models\userModel->updateUser([...])
 2 SYSTEMPATH\CodeIgniter.php(898): App\Controllers\User->storePhoto()
 3 SYSTEMPATH\CodeIgniter.php(468): CodeIgniter\CodeIgniter->runController(Object(App\Controllers\User))
 4 SYSTEMPATH\CodeIgniter.php(351): CodeIgniter\CodeIgniter->handleRequest(null, Object(Config\Cache), false)
 5 FCPATH\index.php(55): CodeIgniter\CodeIgniter->run()
CRITICAL - 2022-06-14 04:44:25 --> There is no data to update.
in SYSTEMPATH\BaseModel.php on line 846.
 1 SYSTEMPATH\BaseModel.php(846): CodeIgniter\Database\Exceptions\DataException::forEmptyDataset('update')
 2 SYSTEMPATH\Model.php(692): CodeIgniter\BaseModel->update([...], [])
 3 APPPATH\Models\userModel.php(37): CodeIgniter\Model->update('17', [...])
 4 APPPATH\Controllers\User.php(128): App\Models\userModel->updateUser('17', [...])
 5 SYSTEMPATH\CodeIgniter.php(898): App\Controllers\User->storePhoto()
 6 SYSTEMPATH\CodeIgniter.php(468): CodeIgniter\CodeIgniter->runController(Object(App\Controllers\User))
 7 SYSTEMPATH\CodeIgniter.php(351): CodeIgniter\CodeIgniter->handleRequest(null, Object(Config\Cache), false)
 8 FCPATH\index.php(55): CodeIgniter\CodeIgniter->run()
CRITICAL - 2022-06-14 04:44:49 --> There is no data to update.
in SYSTEMPATH\BaseModel.php on line 846.
 1 SYSTEMPATH\BaseModel.php(846): CodeIgniter\Database\Exceptions\DataException::forEmptyDataset('update')
 2 SYSTEMPATH\Model.php(692): CodeIgniter\BaseModel->update([...], [])
 3 APPPATH\Models\userModel.php(37): CodeIgniter\Model->update('17', [...])
 4 APPPATH\Controllers\User.php(129): App\Models\userModel->updateUser('17', [...])
 5 SYSTEMPATH\CodeIgniter.php(898): App\Controllers\User->storePhoto()
 6 SYSTEMPATH\CodeIgniter.php(468): CodeIgniter\CodeIgniter->runController(Object(App\Controllers\User))
 7 SYSTEMPATH\CodeIgniter.php(351): CodeIgniter\CodeIgniter->handleRequest(null, Object(Config\Cache), false)
 8 FCPATH\index.php(55): CodeIgniter\CodeIgniter->run()
CRITICAL - 2022-06-14 04:44:56 --> There is no data to update.
in SYSTEMPATH\BaseModel.php on line 846.
 1 SYSTEMPATH\BaseModel.php(846): CodeIgniter\Database\Exceptions\DataException::forEmptyDataset('update')
 2 SYSTEMPATH\Model.php(692): CodeIgniter\BaseModel->update([...], [])
 3 APPPATH\Models\userModel.php(37): CodeIgniter\Model->update('17', [...])
 4 APPPATH\Controllers\User.php(129): App\Models\userModel->updateUser('17', [...])
 5 SYSTEMPATH\CodeIgniter.php(898): App\Controllers\User->storePhoto()
 6 SYSTEMPATH\CodeIgniter.php(468): CodeIgniter\CodeIgniter->runController(Object(App\Controllers\User))
 7 SYSTEMPATH\CodeIgniter.php(351): CodeIgniter\CodeIgniter->handleRequest(null, Object(Config\Cache), false)
 8 FCPATH\index.php(55): CodeIgniter\CodeIgniter->run()
CRITICAL - 2022-06-14 04:46:48 --> Argument 2 passed to CodeIgniter\HTTP\RedirectResponse::to() must be of the type int or null, array given, called in C:\xampp\htdocs\tubes_web\app\Controllers\User.php on line 135
in SYSTEMPATH\HTTP\RedirectResponse.php on line 32.
 1 APPPATH\Controllers\User.php(135): CodeIgniter\HTTP\RedirectResponse->to('/profile_user', [...])
 2 SYSTEMPATH\CodeIgniter.php(898): App\Controllers\User->storePhoto()
 3 SYSTEMPATH\CodeIgniter.php(468): CodeIgniter\CodeIgniter->runController(Object(App\Controllers\User))
 4 SYSTEMPATH\CodeIgniter.php(351): CodeIgniter\CodeIgniter->handleRequest(null, Object(Config\Cache), false)
 5 FCPATH\index.php(55): CodeIgniter\CodeIgniter->run()
CRITICAL - 2022-06-14 04:47:14 --> Argument 2 passed to CodeIgniter\HTTP\RedirectResponse::to() must be of the type int or null, array given, called in C:\xampp\htdocs\tubes_web\app\Controllers\User.php on line 135
in SYSTEMPATH\HTTP\RedirectResponse.php on line 32.
 1 APPPATH\Controllers\User.php(135): CodeIgniter\HTTP\RedirectResponse->to('/profile_user', [...])
 2 SYSTEMPATH\CodeIgniter.php(898): App\Controllers\User->storePhoto()
 3 SYSTEMPATH\CodeIgniter.php(468): CodeIgniter\CodeIgniter->runController(Object(App\Controllers\User))
 4 SYSTEMPATH\CodeIgniter.php(351): CodeIgniter\CodeIgniter->handleRequest(null, Object(Config\Cache), false)
 5 FCPATH\index.php(55): CodeIgniter\CodeIgniter->run()
CRITICAL - 2022-06-14 04:47:18 --> Argument 2 passed to CodeIgniter\HTTP\RedirectResponse::to() must be of the type int or null, array given, called in C:\xampp\htdocs\tubes_web\app\Controllers\User.php on line 135
in SYSTEMPATH\HTTP\RedirectResponse.php on line 32.
 1 APPPATH\Controllers\User.php(135): CodeIgniter\HTTP\RedirectResponse->to('/profile_user', [...])
 2 SYSTEMPATH\CodeIgniter.php(898): App\Controllers\User->storePhoto()
 3 SYSTEMPATH\CodeIgniter.php(468): CodeIgniter\CodeIgniter->runController(Object(App\Controllers\User))
 4 SYSTEMPATH\CodeIgniter.php(351): CodeIgniter\CodeIgniter->handleRequest(null, Object(Config\Cache), false)
 5 FCPATH\index.php(55): CodeIgniter\CodeIgniter->run()
CRITICAL - 2022-06-14 04:47:49 --> Argument 2 passed to CodeIgniter\HTTP\RedirectResponse::to() must be of the type int or null, array given, called in C:\xampp\htdocs\tubes_web\app\Controllers\User.php on line 135
in SYSTEMPATH\HTTP\RedirectResponse.php on line 32.
 1 APPPATH\Controllers\User.php(135): CodeIgniter\HTTP\RedirectResponse->to('/profile_user', [...])
 2 SYSTEMPATH\CodeIgniter.php(898): App\Controllers\User->storePhoto()
 3 SYSTEMPATH\CodeIgniter.php(468): CodeIgniter\CodeIgniter->runController(Object(App\Controllers\User))
 4 SYSTEMPATH\CodeIgniter.php(351): CodeIgniter\CodeIgniter->handleRequest(null, Object(Config\Cache), false)
 5 FCPATH\index.php(55): CodeIgniter\CodeIgniter->run()
CRITICAL - 2022-06-14 04:47:52 --> Argument 2 passed to CodeIgniter\HTTP\RedirectResponse::to() must be of the type int or null, array given, called in C:\xampp\htdocs\tubes_web\app\Controllers\User.php on line 135
in SYSTEMPATH\HTTP\RedirectResponse.php on line 32.
 1 APPPATH\Controllers\User.php(135): CodeIgniter\HTTP\RedirectResponse->to('/profile_user', [...])
 2 SYSTEMPATH\CodeIgniter.php(898): App\Controllers\User->storePhoto()
 3 SYSTEMPATH\CodeIgniter.php(468): CodeIgniter\CodeIgniter->runController(Object(App\Controllers\User))
 4 SYSTEMPATH\CodeIgniter.php(351): CodeIgniter\CodeIgniter->handleRequest(null, Object(Config\Cache), false)
 5 FCPATH\index.php(55): CodeIgniter\CodeIgniter->run()
CRITICAL - 2022-06-14 04:49:21 --> Argument 2 passed to CodeIgniter\HTTP\RedirectResponse::to() must be of the type int or null, array given, called in C:\xampp\htdocs\tubes_web\app\Controllers\User.php on line 140
in SYSTEMPATH\HTTP\RedirectResponse.php on line 32.
 1 APPPATH\Controllers\User.php(140): CodeIgniter\HTTP\RedirectResponse->to('/profile_user', [...])
 2 SYSTEMPATH\CodeIgniter.php(898): App\Controllers\User->storePhoto()
 3 SYSTEMPATH\CodeIgniter.php(468): CodeIgniter\CodeIgniter->runController(Object(App\Controllers\User))
 4 SYSTEMPATH\CodeIgniter.php(351): CodeIgniter\CodeIgniter->handleRequest(null, Object(Config\Cache), false)
 5 FCPATH\index.php(55): CodeIgniter\CodeIgniter->run()
CRITICAL - 2022-06-14 04:52:51 --> Undefined variable: user
in APPPATH\Views\profile_user.php on line 132.
 1 APPPATH\Views\profile_user.php(132): CodeIgniter\Debug\Exceptions->errorHandler(8, 'Undefined variable: user', 'APPPATH\\Views\\profile_user.php', 132, [...])
 2 SYSTEMPATH\View\View.php(213): include('APPPATH\\Views\\profile_user.php')
 3 SYSTEMPATH\View\View.php(216): CodeIgniter\View\View->CodeIgniter\View\{closure}()
 4 SYSTEMPATH\Common.php(1135): CodeIgniter\View\View->render('profile_user', [], true)
 5 APPPATH\Controllers\User.php(140): view('profile_user')
 6 SYSTEMPATH\CodeIgniter.php(898): App\Controllers\User->storePhoto()
 7 SYSTEMPATH\CodeIgniter.php(468): CodeIgniter\CodeIgniter->runController(Object(App\Controllers\User))
 8 SYSTEMPATH\CodeIgniter.php(351): CodeIgniter\CodeIgniter->handleRequest(null, Object(Config\Cache), false)
 9 FCPATH\index.php(55): CodeIgniter\CodeIgniter->run()
CRITICAL - 2022-06-14 04:53:24 --> Undefined variable: user
in APPPATH\Views\profile_user.php on line 132.
 1 APPPATH\Views\profile_user.php(132): CodeIgniter\Debug\Exceptions->errorHandler(8, 'Undefined variable: user', 'APPPATH\\Views\\profile_user.php', 132, [...])
 2 SYSTEMPATH\View\View.php(213): include('APPPATH\\Views\\profile_user.php')
 3 SYSTEMPATH\View\View.php(216): CodeIgniter\View\View->CodeIgniter\View\{closure}()
 4 SYSTEMPATH\Common.php(1135): CodeIgniter\View\View->render('profile_user', [], true)
 5 APPPATH\Controllers\User.php(141): view('profile_user')
 6 SYSTEMPATH\CodeIgniter.php(898): App\Controllers\User->storePhoto()
 7 SYSTEMPATH\CodeIgniter.php(468): CodeIgniter\CodeIgniter->runController(Object(App\Controllers\User))
 8 SYSTEMPATH\CodeIgniter.php(351): CodeIgniter\CodeIgniter->handleRequest(null, Object(Config\Cache), false)
 9 FCPATH\index.php(55): CodeIgniter\CodeIgniter->run()
CRITICAL - 2022-06-14 04:53:31 --> Undefined variable: user
in APPPATH\Views\profile_user.php on line 132.
 1 APPPATH\Views\profile_user.php(132): CodeIgniter\Debug\Exceptions->errorHandler(8, 'Undefined variable: user', 'APPPATH\\Views\\profile_user.php', 132, [...])
 2 SYSTEMPATH\View\View.php(213): include('APPPATH\\Views\\profile_user.php')
 3 SYSTEMPATH\View\View.php(216): CodeIgniter\View\View->CodeIgniter\View\{closure}()
 4 SYSTEMPATH\Common.php(1135): CodeIgniter\View\View->render('profile_user', [], true)
 5 APPPATH\Controllers\User.php(141): view('profile_user')
 6 SYSTEMPATH\CodeIgniter.php(898): App\Controllers\User->storePhoto()
 7 SYSTEMPATH\CodeIgniter.php(468): CodeIgniter\CodeIgniter->runController(Object(App\Controllers\User))
 8 SYSTEMPATH\CodeIgniter.php(351): CodeIgniter\CodeIgniter->handleRequest(null, Object(Config\Cache), false)
 9 FCPATH\index.php(55): CodeIgniter\CodeIgniter->run()
CRITICAL - 2022-06-14 05:00:43 --> Undefined variable: fname
in APPPATH\Controllers\User.php on line 122.
 1 APPPATH\Controllers\User.php(122): CodeIgniter\Debug\Exceptions->errorHandler(8, 'Undefined variable: fname', 'APPPATH\\Controllers\\User.php', 122, [...])
 2 SYSTEMPATH\CodeIgniter.php(898): App\Controllers\User->storePhoto()
 3 SYSTEMPATH\CodeIgniter.php(468): CodeIgniter\CodeIgniter->runController(Object(App\Controllers\User))
 4 SYSTEMPATH\CodeIgniter.php(351): CodeIgniter\CodeIgniter->handleRequest(null, Object(Config\Cache), false)
 5 FCPATH\index.php(55): CodeIgniter\CodeIgniter->run()
ERROR - 2022-06-14 05:01:31 --> Duplicate entry 'yos@gmail.com' for key 'email'
CRITICAL - 2022-06-14 05:01:31 --> Duplicate entry 'yos@gmail.com' for key 'email'
in SYSTEMPATH\Database\MySQLi\Connection.php on line 292.
 1 SYSTEMPATH\Database\MySQLi\Connection.php(292): mysqli->query('UPDATE `user` SET `fname` = \'ini\', `lname` = \'ini\', `email` = \'yos@gmail.com\', `password` = \'ini\', `photo` = \'1655200891_b9ed2a9a3ad290a07b8c.jpg\'
WHERE `user`.`id_user` IN (\'1\')', 0)
 2 SYSTEMPATH\Database\BaseConnection.php(678): CodeIgniter\Database\MySQLi\Connection->execute('UPDATE `user` SET `fname` = \'ini\', `lname` = \'ini\', `email` = \'yos@gmail.com\', `password` = \'ini\', `photo` = \'1655200891_b9ed2a9a3ad290a07b8c.jpg\'
WHERE `user`.`id_user` IN (\'1\')')
 3 SYSTEMPATH\Database\BaseConnection.php(606): CodeIgniter\Database\BaseConnection->simpleQuery('UPDATE `user` SET `fname` = \'ini\', `lname` = \'ini\', `email` = \'yos@gmail.com\', `password` = \'ini\', `photo` = \'1655200891_b9ed2a9a3ad290a07b8c.jpg\'
WHERE `user`.`id_user` IN (\'1\')')
 4 SYSTEMPATH\Database\BaseBuilder.php(2046): CodeIgniter\Database\BaseConnection->query('UPDATE `user` SET `fname` = :fname:, `lname` = :lname:, `email` = :email:, `password` = :password:, `photo` = :photo:
WHERE `user`.`id_user` IN :user.id_user:', [...], false)
 5 SYSTEMPATH\Model.php(337): CodeIgniter\Database\BaseBuilder->update()
 6 SYSTEMPATH\BaseModel.php(865): CodeIgniter\Model->doUpdate([...], [...])
 7 SYSTEMPATH\Model.php(692): CodeIgniter\BaseModel->update([...], [...])
 8 APPPATH\Models\userModel.php(37): CodeIgniter\Model->update('1', [...])
 9 APPPATH\Controllers\User.php(135): App\Models\userModel->updateUser('1', [...])
10 SYSTEMPATH\CodeIgniter.php(898): App\Controllers\User->storePhoto()
11 SYSTEMPATH\CodeIgniter.php(468): CodeIgniter\CodeIgniter->runController(Object(App\Controllers\User))
12 SYSTEMPATH\CodeIgniter.php(351): CodeIgniter\CodeIgniter->handleRequest(null, Object(Config\Cache), false)
13 FCPATH\index.php(55): CodeIgniter\CodeIgniter->run()
CRITICAL - 2022-06-14 05:06:09 --> SplFileInfo::getFilename() expects exactly 0 parameters, 1 given
in APPPATH\Controllers\User.php on line 117.
 1 [internal function]: CodeIgniter\Debug\Exceptions->errorHandler(2, 'SplFileInfo::getFilename() expects exactly 0 parameters, 1 given', 'APPPATH\\Controllers\\User.php', 117, [...])
 2 APPPATH\Controllers\User.php(117): SplFileInfo->getFilename('fupload')
 3 SYSTEMPATH\CodeIgniter.php(898): App\Controllers\User->storePhoto()
 4 SYSTEMPATH\CodeIgniter.php(468): CodeIgniter\CodeIgniter->runController(Object(App\Controllers\User))
 5 SYSTEMPATH\CodeIgniter.php(351): CodeIgniter\CodeIgniter->handleRequest(null, Object(Config\Cache), false)
 6 FCPATH\index.php(55): CodeIgniter\CodeIgniter->run()
ERROR - 2022-06-14 05:11:01 --> Table 'db_tubes.mahasiswa' doesn't exist
CRITICAL - 2022-06-14 05:11:01 --> Table 'db_tubes.mahasiswa' doesn't exist
in SYSTEMPATH\Database\MySQLi\Connection.php on line 292.
 1 SYSTEMPATH\Database\MySQLi\Connection.php(292): mysqli->query('SELECT *
FROM `mahasiswa`', 0)
 2 SYSTEMPATH\Database\BaseConnection.php(678): CodeIgniter\Database\MySQLi\Connection->execute('SELECT *
FROM `mahasiswa`')
 3 SYSTEMPATH\Database\BaseConnection.php(606): CodeIgniter\Database\BaseConnection->simpleQuery('SELECT *
FROM `mahasiswa`')
 4 SYSTEMPATH\Database\BaseBuilder.php(1585): CodeIgniter\Database\BaseConnection->query('SELECT *
FROM `mahasiswa`', [], false)
 5 SYSTEMPATH\Model.php(222): CodeIgniter\Database\BaseBuilder->get()
 6 SYSTEMPATH\BaseModel.php(584): CodeIgniter\Model->doFindAll(0, 0)
 7 APPPATH\Controllers\Mahasiswa.php(37): CodeIgniter\BaseModel->findAll()
 8 SYSTEMPATH\CodeIgniter.php(898): App\Controllers\Mahasiswa->displayProfile()
 9 SYSTEMPATH\CodeIgniter.php(468): CodeIgniter\CodeIgniter->runController(Object(App\Controllers\Mahasiswa))
10 SYSTEMPATH\CodeIgniter.php(351): CodeIgniter\CodeIgniter->handleRequest(null, Object(Config\Cache), false)
11 FCPATH\index.php(55): CodeIgniter\CodeIgniter->run()
ERROR - 2022-06-14 05:12:36 --> Table 'db_tubes.mahasiswa' doesn't exist
CRITICAL - 2022-06-14 05:12:37 --> Table 'db_tubes.mahasiswa' doesn't exist
in SYSTEMPATH\Database\MySQLi\Connection.php on line 292.
 1 SYSTEMPATH\Database\MySQLi\Connection.php(292): mysqli->query('SELECT *
FROM `mahasiswa`', 0)
 2 SYSTEMPATH\Database\BaseConnection.php(678): CodeIgniter\Database\MySQLi\Connection->execute('SELECT *
FROM `mahasiswa`')
 3 SYSTEMPATH\Database\BaseConnection.php(606): CodeIgniter\Database\BaseConnection->simpleQuery('SELECT *
FROM `mahasiswa`')
 4 SYSTEMPATH\Database\BaseBuilder.php(1585): CodeIgniter\Database\BaseConnection->query('SELECT *
FROM `mahasiswa`', [], false)
 5 SYSTEMPATH\Model.php(222): CodeIgniter\Database\BaseBuilder->get()
 6 SYSTEMPATH\BaseModel.php(584): CodeIgniter\Model->doFindAll(0, 0)
 7 APPPATH\Controllers\Mahasiswa.php(37): CodeIgniter\BaseModel->findAll()
 8 SYSTEMPATH\CodeIgniter.php(898): App\Controllers\Mahasiswa->displayProfile()
 9 SYSTEMPATH\CodeIgniter.php(468): CodeIgniter\CodeIgniter->runController(Object(App\Controllers\Mahasiswa))
10 SYSTEMPATH\CodeIgniter.php(351): CodeIgniter\CodeIgniter->handleRequest(null, Object(Config\Cache), false)
11 FCPATH\index.php(55): CodeIgniter\CodeIgniter->run()
CRITICAL - 2022-06-14 05:26:52 --> Undefined variable: user
in APPPATH\Views\about.php on line 88.
 1 APPPATH\Views\about.php(88): CodeIgniter\Debug\Exceptions->errorHandler(8, 'Undefined variable: user', 'APPPATH\\Views\\about.php', 88, [...])
 2 SYSTEMPATH\View\View.php(213): include('APPPATH\\Views\\about.php')
 3 SYSTEMPATH\View\View.php(216): CodeIgniter\View\View->CodeIgniter\View\{closure}()
 4 SYSTEMPATH\Common.php(1135): CodeIgniter\View\View->render('about', [], true)
 5 APPPATH\Controllers\About.php(12): view('about')
 6 SYSTEMPATH\CodeIgniter.php(898): App\Controllers\About->index()
 7 SYSTEMPATH\CodeIgniter.php(468): CodeIgniter\CodeIgniter->runController(Object(App\Controllers\About))
 8 SYSTEMPATH\CodeIgniter.php(351): CodeIgniter\CodeIgniter->handleRequest(null, Object(Config\Cache), false)
 9 FCPATH\index.php(55): CodeIgniter\CodeIgniter->run()
CRITICAL - 2022-06-14 13:23:29 --> Undefined index: nama
in APPPATH\Views\profile_user.php on line 7.
 1 APPPATH\Views\profile_user.php(7): CodeIgniter\Debug\Exceptions->errorHandler(8, 'Undefined index: nama', 'APPPATH\\Views\\profile_user.php', 7, [...])
 2 SYSTEMPATH\View\View.php(213): include('APPPATH\\Views\\profile_user.php')
 3 SYSTEMPATH\View\View.php(216): CodeIgniter\View\View->CodeIgniter\View\{closure}()
 4 SYSTEMPATH\Common.php(1135): CodeIgniter\View\View->render('profile_user', [], true)
 5 APPPATH\Controllers\User.php(116): view('profile_user', [...])
 6 SYSTEMPATH\CodeIgniter.php(898): App\Controllers\User->displayProfile('1')
 7 SYSTEMPATH\CodeIgniter.php(468): CodeIgniter\CodeIgniter->runController(Object(App\Controllers\User))
 8 SYSTEMPATH\CodeIgniter.php(351): CodeIgniter\CodeIgniter->handleRequest(null, Object(Config\Cache), false)
 9 FCPATH\index.php(55): CodeIgniter\CodeIgniter->run()
CRITICAL - 2022-06-14 14:43:46 --> Undefined index: id_course
in APPPATH\Views\home.php on line 188.
 1 APPPATH\Views\home.php(188): CodeIgniter\Debug\Exceptions->errorHandler(8, 'Undefined index: id_course', 'APPPATH\\Views\\home.php', 188, [...])
 2 SYSTEMPATH\View\View.php(213): include('APPPATH\\Views\\home.php')
 3 SYSTEMPATH\View\View.php(216): CodeIgniter\View\View->CodeIgniter\View\{closure}()
 4 SYSTEMPATH\Common.php(1135): CodeIgniter\View\View->render('home', [], true)
 5 APPPATH\Controllers\Home.php(41): view('home', [...])
 6 SYSTEMPATH\CodeIgniter.php(898): App\Controllers\Home->index()
 7 SYSTEMPATH\CodeIgniter.php(468): CodeIgniter\CodeIgniter->runController(Object(App\Controllers\Home))
 8 SYSTEMPATH\CodeIgniter.php(351): CodeIgniter\CodeIgniter->handleRequest(null, Object(Config\Cache), false)
 9 FCPATH\index.php(55): CodeIgniter\CodeIgniter->run()
CRITICAL - 2022-06-14 14:44:13 --> Undefined index: id_course
in APPPATH\Views\home.php on line 188.
 1 APPPATH\Views\home.php(188): CodeIgniter\Debug\Exceptions->errorHandler(8, 'Undefined index: id_course', 'APPPATH\\Views\\home.php', 188, [...])
 2 SYSTEMPATH\View\View.php(213): include('APPPATH\\Views\\home.php')
 3 SYSTEMPATH\View\View.php(216): CodeIgniter\View\View->CodeIgniter\View\{closure}()
 4 SYSTEMPATH\Common.php(1135): CodeIgniter\View\View->render('home', [], true)
 5 APPPATH\Controllers\Home.php(41): view('home', [...])
 6 SYSTEMPATH\CodeIgniter.php(898): App\Controllers\Home->index()
 7 SYSTEMPATH\CodeIgniter.php(468): CodeIgniter\CodeIgniter->runController(Object(App\Controllers\Home))
 8 SYSTEMPATH\CodeIgniter.php(351): CodeIgniter\CodeIgniter->handleRequest(null, Object(Config\Cache), false)
 9 FCPATH\index.php(55): CodeIgniter\CodeIgniter->run()
CRITICAL - 2022-06-14 14:44:34 --> Undefined index: id_course
in APPPATH\Views\home.php on line 188.
 1 APPPATH\Views\home.php(188): CodeIgniter\Debug\Exceptions->errorHandler(8, 'Undefined index: id_course', 'APPPATH\\Views\\home.php', 188, [...])
 2 SYSTEMPATH\View\View.php(213): include('APPPATH\\Views\\home.php')
 3 SYSTEMPATH\View\View.php(216): CodeIgniter\View\View->CodeIgniter\View\{closure}()
 4 SYSTEMPATH\Common.php(1135): CodeIgniter\View\View->render('home', [], true)
 5 APPPATH\Controllers\Home.php(41): view('home', [...])
 6 SYSTEMPATH\CodeIgniter.php(898): App\Controllers\Home->index()
 7 SYSTEMPATH\CodeIgniter.php(468): CodeIgniter\CodeIgniter->runController(Object(App\Controllers\Home))
 8 SYSTEMPATH\CodeIgniter.php(351): CodeIgniter\CodeIgniter->handleRequest(null, Object(Config\Cache), false)
 9 FCPATH\index.php(55): CodeIgniter\CodeIgniter->run()
CRITICAL - 2022-06-14 14:47:28 --> Illegal string offset 'nama_course'
in APPPATH\Views\detail.php on line 105.
 1 APPPATH\Views\detail.php(105): CodeIgniter\Debug\Exceptions->errorHandler(2, 'Illegal string offset \'nama_course\'', 'APPPATH\\Views\\detail.php', 105, [...])
 2 SYSTEMPATH\View\View.php(213): include('APPPATH\\Views\\detail.php')
 3 SYSTEMPATH\View\View.php(216): CodeIgniter\View\View->CodeIgniter\View\{closure}()
 4 SYSTEMPATH\Common.php(1135): CodeIgniter\View\View->render('detail', [], true)
 5 APPPATH\Controllers\Course.php(49): view('detail', [...])
 6 SYSTEMPATH\CodeIgniter.php(898): App\Controllers\Course->detail('1')
 7 SYSTEMPATH\CodeIgniter.php(468): CodeIgniter\CodeIgniter->runController(Object(App\Controllers\Course))
 8 SYSTEMPATH\CodeIgniter.php(351): CodeIgniter\CodeIgniter->handleRequest(null, Object(Config\Cache), false)
 9 FCPATH\index.php(55): CodeIgniter\CodeIgniter->run()
CRITICAL - 2022-06-14 14:48:46 --> Illegal string offset 'nama_course'
in APPPATH\Views\detail.php on line 105.
 1 APPPATH\Views\detail.php(105): CodeIgniter\Debug\Exceptions->errorHandler(2, 'Illegal string offset \'nama_course\'', 'APPPATH\\Views\\detail.php', 105, [...])
 2 SYSTEMPATH\View\View.php(213): include('APPPATH\\Views\\detail.php')
 3 SYSTEMPATH\View\View.php(216): CodeIgniter\View\View->CodeIgniter\View\{closure}()
 4 SYSTEMPATH\Common.php(1135): CodeIgniter\View\View->render('detail', [], true)
 5 APPPATH\Controllers\Course.php(49): view('detail', [...])
 6 SYSTEMPATH\CodeIgniter.php(898): App\Controllers\Course->detail('1')
 7 SYSTEMPATH\CodeIgniter.php(468): CodeIgniter\CodeIgniter->runController(Object(App\Controllers\Course))
 8 SYSTEMPATH\CodeIgniter.php(351): CodeIgniter\CodeIgniter->handleRequest(null, Object(Config\Cache), false)
 9 FCPATH\index.php(55): CodeIgniter\CodeIgniter->run()
CRITICAL - 2022-06-14 14:49:09 --> Illegal string offset 'nama_course'
in APPPATH\Views\detail.php on line 105.
 1 APPPATH\Views\detail.php(105): CodeIgniter\Debug\Exceptions->errorHandler(2, 'Illegal string offset \'nama_course\'', 'APPPATH\\Views\\detail.php', 105, [...])
 2 SYSTEMPATH\View\View.php(213): include('APPPATH\\Views\\detail.php')
 3 SYSTEMPATH\View\View.php(216): CodeIgniter\View\View->CodeIgniter\View\{closure}()
 4 SYSTEMPATH\Common.php(1135): CodeIgniter\View\View->render('detail', [], true)
 5 APPPATH\Controllers\Course.php(49): view('detail', [...])
 6 SYSTEMPATH\CodeIgniter.php(898): App\Controllers\Course->detail('1')
 7 SYSTEMPATH\CodeIgniter.php(468): CodeIgniter\CodeIgniter->runController(Object(App\Controllers\Course))
 8 SYSTEMPATH\CodeIgniter.php(351): CodeIgniter\CodeIgniter->handleRequest(null, Object(Config\Cache), false)
 9 FCPATH\index.php(55): CodeIgniter\CodeIgniter->run()
CRITICAL - 2022-06-14 14:49:41 --> Illegal string offset 'nama_course'
in APPPATH\Views\detail.php on line 105.
 1 APPPATH\Views\detail.php(105): CodeIgniter\Debug\Exceptions->errorHandler(2, 'Illegal string offset \'nama_course\'', 'APPPATH\\Views\\detail.php', 105, [...])
 2 SYSTEMPATH\View\View.php(213): include('APPPATH\\Views\\detail.php')
 3 SYSTEMPATH\View\View.php(216): CodeIgniter\View\View->CodeIgniter\View\{closure}()
 4 SYSTEMPATH\Common.php(1135): CodeIgniter\View\View->render('detail', [], true)
 5 APPPATH\Controllers\Course.php(49): view('detail', [...])
 6 SYSTEMPATH\CodeIgniter.php(898): App\Controllers\Course->detail('5')
 7 SYSTEMPATH\CodeIgniter.php(468): CodeIgniter\CodeIgniter->runController(Object(App\Controllers\Course))
 8 SYSTEMPATH\CodeIgniter.php(351): CodeIgniter\CodeIgniter->handleRequest(null, Object(Config\Cache), false)
 9 FCPATH\index.php(55): CodeIgniter\CodeIgniter->run()
CRITICAL - 2022-06-14 14:49:58 --> Illegal string offset 'nama_course'
in APPPATH\Views\detail.php on line 105.
 1 APPPATH\Views\detail.php(105): CodeIgniter\Debug\Exceptions->errorHandler(2, 'Illegal string offset \'nama_course\'', 'APPPATH\\Views\\detail.php', 105, [...])
 2 SYSTEMPATH\View\View.php(213): include('APPPATH\\Views\\detail.php')
 3 SYSTEMPATH\View\View.php(216): CodeIgniter\View\View->CodeIgniter\View\{closure}()
 4 SYSTEMPATH\Common.php(1135): CodeIgniter\View\View->render('detail', [], true)
 5 APPPATH\Controllers\Course.php(49): view('detail', [...])
 6 SYSTEMPATH\CodeIgniter.php(898): App\Controllers\Course->detail('5')
 7 SYSTEMPATH\CodeIgniter.php(468): CodeIgniter\CodeIgniter->runController(Object(App\Controllers\Course))
 8 SYSTEMPATH\CodeIgniter.php(351): CodeIgniter\CodeIgniter->handleRequest(null, Object(Config\Cache), false)
 9 FCPATH\index.php(55): CodeIgniter\CodeIgniter->run()
CRITICAL - 2022-06-14 14:50:12 --> Illegal string offset 'price'
in APPPATH\Views\detail.php on line 105.
 1 APPPATH\Views\detail.php(105): CodeIgniter\Debug\Exceptions->errorHandler(2, 'Illegal string offset \'price\'', 'APPPATH\\Views\\detail.php', 105, [...])
 2 SYSTEMPATH\View\View.php(213): include('APPPATH\\Views\\detail.php')
 3 SYSTEMPATH\View\View.php(216): CodeIgniter\View\View->CodeIgniter\View\{closure}()
 4 SYSTEMPATH\Common.php(1135): CodeIgniter\View\View->render('detail', [], true)
 5 APPPATH\Controllers\Course.php(49): view('detail', [...])
 6 SYSTEMPATH\CodeIgniter.php(898): App\Controllers\Course->detail('5')
 7 SYSTEMPATH\CodeIgniter.php(468): CodeIgniter\CodeIgniter->runController(Object(App\Controllers\Course))
 8 SYSTEMPATH\CodeIgniter.php(351): CodeIgniter\CodeIgniter->handleRequest(null, Object(Config\Cache), false)
 9 FCPATH\index.php(55): CodeIgniter\CodeIgniter->run()
CRITICAL - 2022-06-14 14:50:24 --> Illegal string offset 'price'
in APPPATH\Views\detail.php on line 106.
 1 APPPATH\Views\detail.php(106): CodeIgniter\Debug\Exceptions->errorHandler(2, 'Illegal string offset \'price\'', 'APPPATH\\Views\\detail.php', 106, [...])
 2 SYSTEMPATH\View\View.php(213): include('APPPATH\\Views\\detail.php')
 3 SYSTEMPATH\View\View.php(216): CodeIgniter\View\View->CodeIgniter\View\{closure}()
 4 SYSTEMPATH\Common.php(1135): CodeIgniter\View\View->render('detail', [], true)
 5 APPPATH\Controllers\Course.php(49): view('detail', [...])
 6 SYSTEMPATH\CodeIgniter.php(898): App\Controllers\Course->detail('5')
 7 SYSTEMPATH\CodeIgniter.php(468): CodeIgniter\CodeIgniter->runController(Object(App\Controllers\Course))
 8 SYSTEMPATH\CodeIgniter.php(351): CodeIgniter\CodeIgniter->handleRequest(null, Object(Config\Cache), false)
 9 FCPATH\index.php(55): CodeIgniter\CodeIgniter->run()
CRITICAL - 2022-06-14 14:50:41 --> Illegal string offset 'price'
in APPPATH\Views\detail.php on line 106.
 1 APPPATH\Views\detail.php(106): CodeIgniter\Debug\Exceptions->errorHandler(2, 'Illegal string offset \'price\'', 'APPPATH\\Views\\detail.php', 106, [...])
 2 SYSTEMPATH\View\View.php(213): include('APPPATH\\Views\\detail.php')
 3 SYSTEMPATH\View\View.php(216): CodeIgniter\View\View->CodeIgniter\View\{closure}()
 4 SYSTEMPATH\Common.php(1135): CodeIgniter\View\View->render('detail', [], true)
 5 APPPATH\Controllers\Course.php(49): view('detail', [...])
 6 SYSTEMPATH\CodeIgniter.php(898): App\Controllers\Course->detail('5')
 7 SYSTEMPATH\CodeIgniter.php(468): CodeIgniter\CodeIgniter->runController(Object(App\Controllers\Course))
 8 SYSTEMPATH\CodeIgniter.php(351): CodeIgniter\CodeIgniter->handleRequest(null, Object(Config\Cache), false)
 9 FCPATH\index.php(55): CodeIgniter\CodeIgniter->run()
CRITICAL - 2022-06-14 14:51:34 --> Illegal string offset 'price'
in APPPATH\Views\detail.php on line 107.
 1 APPPATH\Views\detail.php(107): CodeIgniter\Debug\Exceptions->errorHandler(2, 'Illegal string offset \'price\'', 'APPPATH\\Views\\detail.php', 107, [...])
 2 SYSTEMPATH\View\View.php(213): include('APPPATH\\Views\\detail.php')
 3 SYSTEMPATH\View\View.php(216): CodeIgniter\View\View->CodeIgniter\View\{closure}()
 4 SYSTEMPATH\Common.php(1135): CodeIgniter\View\View->render('detail', [], true)
 5 APPPATH\Controllers\Course.php(49): view('detail', [...])
 6 SYSTEMPATH\CodeIgniter.php(898): App\Controllers\Course->detail('5')
 7 SYSTEMPATH\CodeIgniter.php(468): CodeIgniter\CodeIgniter->runController(Object(App\Controllers\Course))
 8 SYSTEMPATH\CodeIgniter.php(351): CodeIgniter\CodeIgniter->handleRequest(null, Object(Config\Cache), false)
 9 FCPATH\index.php(55): CodeIgniter\CodeIgniter->run()
CRITICAL - 2022-06-14 14:53:23 --> Illegal string offset 'price'
in APPPATH\Views\detail.php on line 107.
 1 APPPATH\Views\detail.php(107): CodeIgniter\Debug\Exceptions->errorHandler(2, 'Illegal string offset \'price\'', 'APPPATH\\Views\\detail.php', 107, [...])
 2 SYSTEMPATH\View\View.php(213): include('APPPATH\\Views\\detail.php')
 3 SYSTEMPATH\View\View.php(216): CodeIgniter\View\View->CodeIgniter\View\{closure}()
 4 SYSTEMPATH\Common.php(1135): CodeIgniter\View\View->render('detail', [], true)
 5 APPPATH\Controllers\Course.php(49): view('detail', [...])
 6 SYSTEMPATH\CodeIgniter.php(898): App\Controllers\Course->detail('5')
 7 SYSTEMPATH\CodeIgniter.php(468): CodeIgniter\CodeIgniter->runController(Object(App\Controllers\Course))
 8 SYSTEMPATH\CodeIgniter.php(351): CodeIgniter\CodeIgniter->handleRequest(null, Object(Config\Cache), false)
 9 FCPATH\index.php(55): CodeIgniter\CodeIgniter->run()
CRITICAL - 2022-06-14 14:54:33 --> Illegal string offset 'price'
in APPPATH\Views\detail.php on line 108.
 1 APPPATH\Views\detail.php(108): CodeIgniter\Debug\Exceptions->errorHandler(2, 'Illegal string offset \'price\'', 'APPPATH\\Views\\detail.php', 108, [...])
 2 SYSTEMPATH\View\View.php(213): include('APPPATH\\Views\\detail.php')
 3 SYSTEMPATH\View\View.php(216): CodeIgniter\View\View->CodeIgniter\View\{closure}()
 4 SYSTEMPATH\Common.php(1135): CodeIgniter\View\View->render('detail', [], true)
 5 APPPATH\Controllers\Course.php(50): view('detail', [...])
 6 SYSTEMPATH\CodeIgniter.php(898): App\Controllers\Course->detail('1')
 7 SYSTEMPATH\CodeIgniter.php(468): CodeIgniter\CodeIgniter->runController(Object(App\Controllers\Course))
 8 SYSTEMPATH\CodeIgniter.php(351): CodeIgniter\CodeIgniter->handleRequest(null, Object(Config\Cache), false)
 9 FCPATH\index.php(55): CodeIgniter\CodeIgniter->run()
CRITICAL - 2022-06-14 14:54:54 --> Illegal string offset 'price'
in APPPATH\Views\detail.php on line 110.
 1 APPPATH\Views\detail.php(110): CodeIgniter\Debug\Exceptions->errorHandler(2, 'Illegal string offset \'price\'', 'APPPATH\\Views\\detail.php', 110, [...])
 2 SYSTEMPATH\View\View.php(213): include('APPPATH\\Views\\detail.php')
 3 SYSTEMPATH\View\View.php(216): CodeIgniter\View\View->CodeIgniter\View\{closure}()
 4 SYSTEMPATH\Common.php(1135): CodeIgniter\View\View->render('detail', [], true)
 5 APPPATH\Controllers\Course.php(50): view('detail', [...])
 6 SYSTEMPATH\CodeIgniter.php(898): App\Controllers\Course->detail('1')
 7 SYSTEMPATH\CodeIgniter.php(468): CodeIgniter\CodeIgniter->runController(Object(App\Controllers\Course))
 8 SYSTEMPATH\CodeIgniter.php(351): CodeIgniter\CodeIgniter->handleRequest(null, Object(Config\Cache), false)
 9 FCPATH\index.php(55): CodeIgniter\CodeIgniter->run()
CRITICAL - 2022-06-14 14:56:33 --> Illegal string offset 'price'
in APPPATH\Views\detail.php on line 110.
 1 APPPATH\Views\detail.php(110): CodeIgniter\Debug\Exceptions->errorHandler(2, 'Illegal string offset \'price\'', 'APPPATH\\Views\\detail.php', 110, [...])
 2 SYSTEMPATH\View\View.php(213): include('APPPATH\\Views\\detail.php')
 3 SYSTEMPATH\View\View.php(216): CodeIgniter\View\View->CodeIgniter\View\{closure}()
 4 SYSTEMPATH\Common.php(1135): CodeIgniter\View\View->render('detail', [], true)
 5 APPPATH\Controllers\Course.php(50): view('detail', [...])
 6 SYSTEMPATH\CodeIgniter.php(898): App\Controllers\Course->detail('1')
 7 SYSTEMPATH\CodeIgniter.php(468): CodeIgniter\CodeIgniter->runController(Object(App\Controllers\Course))
 8 SYSTEMPATH\CodeIgniter.php(351): CodeIgniter\CodeIgniter->handleRequest(null, Object(Config\Cache), false)
 9 FCPATH\index.php(55): CodeIgniter\CodeIgniter->run()
CRITICAL - 2022-06-14 14:57:12 --> Illegal string offset 'price'
in APPPATH\Views\detail.php on line 110.
 1 APPPATH\Views\detail.php(110): CodeIgniter\Debug\Exceptions->errorHandler(2, 'Illegal string offset \'price\'', 'APPPATH\\Views\\detail.php', 110, [...])
 2 SYSTEMPATH\View\View.php(213): include('APPPATH\\Views\\detail.php')
 3 SYSTEMPATH\View\View.php(216): CodeIgniter\View\View->CodeIgniter\View\{closure}()
 4 SYSTEMPATH\Common.php(1135): CodeIgniter\View\View->render('detail', [], true)
 5 APPPATH\Controllers\Course.php(50): view('detail', [...])
 6 SYSTEMPATH\CodeIgniter.php(898): App\Controllers\Course->detail('8')
 7 SYSTEMPATH\CodeIgniter.php(468): CodeIgniter\CodeIgniter->runController(Object(App\Controllers\Course))
 8 SYSTEMPATH\CodeIgniter.php(351): CodeIgniter\CodeIgniter->handleRequest(null, Object(Config\Cache), false)
 9 FCPATH\index.php(55): CodeIgniter\CodeIgniter->run()
CRITICAL - 2022-06-14 14:58:26 --> Illegal string offset 'price'
in APPPATH\Views\detail.php on line 110.
 1 APPPATH\Views\detail.php(110): CodeIgniter\Debug\Exceptions->errorHandler(2, 'Illegal string offset \'price\'', 'APPPATH\\Views\\detail.php', 110, [...])
 2 SYSTEMPATH\View\View.php(213): include('APPPATH\\Views\\detail.php')
 3 SYSTEMPATH\View\View.php(216): CodeIgniter\View\View->CodeIgniter\View\{closure}()
 4 SYSTEMPATH\Common.php(1135): CodeIgniter\View\View->render('detail', [], true)
 5 APPPATH\Controllers\Course.php(50): view('detail', [...])
 6 SYSTEMPATH\CodeIgniter.php(898): App\Controllers\Course->detail('1')
 7 SYSTEMPATH\CodeIgniter.php(468): CodeIgniter\CodeIgniter->runController(Object(App\Controllers\Course))
 8 SYSTEMPATH\CodeIgniter.php(351): CodeIgniter\CodeIgniter->handleRequest(null, Object(Config\Cache), false)
 9 FCPATH\index.php(55): CodeIgniter\CodeIgniter->run()
CRITICAL - 2022-06-14 14:58:34 --> Illegal string offset 'price'
in APPPATH\Views\detail.php on line 110.
 1 APPPATH\Views\detail.php(110): CodeIgniter\Debug\Exceptions->errorHandler(2, 'Illegal string offset \'price\'', 'APPPATH\\Views\\detail.php', 110, [...])
 2 SYSTEMPATH\View\View.php(213): include('APPPATH\\Views\\detail.php')
 3 SYSTEMPATH\View\View.php(216): CodeIgniter\View\View->CodeIgniter\View\{closure}()
 4 SYSTEMPATH\Common.php(1135): CodeIgniter\View\View->render('detail', [], true)
 5 APPPATH\Controllers\Course.php(50): view('detail', [...])
 6 SYSTEMPATH\CodeIgniter.php(898): App\Controllers\Course->detail('1')
 7 SYSTEMPATH\CodeIgniter.php(468): CodeIgniter\CodeIgniter->runController(Object(App\Controllers\Course))
 8 SYSTEMPATH\CodeIgniter.php(351): CodeIgniter\CodeIgniter->handleRequest(null, Object(Config\Cache), false)
 9 FCPATH\index.php(55): CodeIgniter\CodeIgniter->run()
CRITICAL - 2022-06-14 15:00:43 --> Undefined index: id_course
in APPPATH\Views\home.php on line 188.
 1 APPPATH\Views\home.php(188): CodeIgniter\Debug\Exceptions->errorHandler(8, 'Undefined index: id_course', 'APPPATH\\Views\\home.php', 188, [...])
 2 SYSTEMPATH\View\View.php(213): include('APPPATH\\Views\\home.php')
 3 SYSTEMPATH\View\View.php(216): CodeIgniter\View\View->CodeIgniter\View\{closure}()
 4 SYSTEMPATH\Common.php(1135): CodeIgniter\View\View->render('home', [], true)
 5 APPPATH\Controllers\Home.php(41): view('home', [...])
 6 SYSTEMPATH\CodeIgniter.php(898): App\Controllers\Home->index()
 7 SYSTEMPATH\CodeIgniter.php(468): CodeIgniter\CodeIgniter->runController(Object(App\Controllers\Home))
 8 SYSTEMPATH\CodeIgniter.php(351): CodeIgniter\CodeIgniter->handleRequest(null, Object(Config\Cache), false)
 9 FCPATH\index.php(55): CodeIgniter\CodeIgniter->run()
CRITICAL - 2022-06-14 15:00:51 --> Undefined index: id_course
in APPPATH\Views\home.php on line 188.
 1 APPPATH\Views\home.php(188): CodeIgniter\Debug\Exceptions->errorHandler(8, 'Undefined index: id_course', 'APPPATH\\Views\\home.php', 188, [...])
 2 SYSTEMPATH\View\View.php(213): include('APPPATH\\Views\\home.php')
 3 SYSTEMPATH\View\View.php(216): CodeIgniter\View\View->CodeIgniter\View\{closure}()
 4 SYSTEMPATH\Common.php(1135): CodeIgniter\View\View->render('home', [], true)
 5 APPPATH\Controllers\Home.php(41): view('home', [...])
 6 SYSTEMPATH\CodeIgniter.php(898): App\Controllers\Home->index()
 7 SYSTEMPATH\CodeIgniter.php(468): CodeIgniter\CodeIgniter->runController(Object(App\Controllers\Home))
 8 SYSTEMPATH\CodeIgniter.php(351): CodeIgniter\CodeIgniter->handleRequest(null, Object(Config\Cache), false)
 9 FCPATH\index.php(55): CodeIgniter\CodeIgniter->run()
CRITICAL - 2022-06-14 15:01:25 --> Undefined variable: course1
in APPPATH\Views\home.php on line 188.
 1 APPPATH\Views\home.php(188): CodeIgniter\Debug\Exceptions->errorHandler(8, 'Undefined variable: course1', 'APPPATH\\Views\\home.php', 188, [...])
 2 SYSTEMPATH\View\View.php(213): include('APPPATH\\Views\\home.php')
 3 SYSTEMPATH\View\View.php(216): CodeIgniter\View\View->CodeIgniter\View\{closure}()
 4 SYSTEMPATH\Common.php(1135): CodeIgniter\View\View->render('home', [], true)
 5 APPPATH\Controllers\Home.php(41): view('home', [...])
 6 SYSTEMPATH\CodeIgniter.php(898): App\Controllers\Home->index()
 7 SYSTEMPATH\CodeIgniter.php(468): CodeIgniter\CodeIgniter->runController(Object(App\Controllers\Home))
 8 SYSTEMPATH\CodeIgniter.php(351): CodeIgniter\CodeIgniter->handleRequest(null, Object(Config\Cache), false)
 9 FCPATH\index.php(55): CodeIgniter\CodeIgniter->run()
CRITICAL - 2022-06-14 15:05:20 --> Undefined index: id_course
in APPPATH\Views\home.php on line 188.
 1 APPPATH\Views\home.php(188): CodeIgniter\Debug\Exceptions->errorHandler(8, 'Undefined index: id_course', 'APPPATH\\Views\\home.php', 188, [...])
 2 SYSTEMPATH\View\View.php(213): include('APPPATH\\Views\\home.php')
 3 SYSTEMPATH\View\View.php(216): CodeIgniter\View\View->CodeIgniter\View\{closure}()
 4 SYSTEMPATH\Common.php(1135): CodeIgniter\View\View->render('home', [], true)
 5 APPPATH\Controllers\Home.php(41): view('home', [...])
 6 SYSTEMPATH\CodeIgniter.php(898): App\Controllers\Home->index()
 7 SYSTEMPATH\CodeIgniter.php(468): CodeIgniter\CodeIgniter->runController(Object(App\Controllers\Home))
 8 SYSTEMPATH\CodeIgniter.php(351): CodeIgniter\CodeIgniter->handleRequest(null, Object(Config\Cache), false)
 9 FCPATH\index.php(55): CodeIgniter\CodeIgniter->run()
CRITICAL - 2022-06-14 15:05:34 --> Undefined index: id_course
in APPPATH\Views\home.php on line 188.
 1 APPPATH\Views\home.php(188): CodeIgniter\Debug\Exceptions->errorHandler(8, 'Undefined index: id_course', 'APPPATH\\Views\\home.php', 188, [...])
 2 SYSTEMPATH\View\View.php(213): include('APPPATH\\Views\\home.php')
 3 SYSTEMPATH\View\View.php(216): CodeIgniter\View\View->CodeIgniter\View\{closure}()
 4 SYSTEMPATH\Common.php(1135): CodeIgniter\View\View->render('home', [], true)
 5 APPPATH\Controllers\Home.php(41): view('home', [...])
 6 SYSTEMPATH\CodeIgniter.php(898): App\Controllers\Home->index()
 7 SYSTEMPATH\CodeIgniter.php(468): CodeIgniter\CodeIgniter->runController(Object(App\Controllers\Home))
 8 SYSTEMPATH\CodeIgniter.php(351): CodeIgniter\CodeIgniter->handleRequest(null, Object(Config\Cache), false)
 9 FCPATH\index.php(55): CodeIgniter\CodeIgniter->run()
CRITICAL - 2022-06-14 15:05:38 --> Undefined index: id_course
in APPPATH\Views\home.php on line 188.
 1 APPPATH\Views\home.php(188): CodeIgniter\Debug\Exceptions->errorHandler(8, 'Undefined index: id_course', 'APPPATH\\Views\\home.php', 188, [...])
 2 SYSTEMPATH\View\View.php(213): include('APPPATH\\Views\\home.php')
 3 SYSTEMPATH\View\View.php(216): CodeIgniter\View\View->CodeIgniter\View\{closure}()
 4 SYSTEMPATH\Common.php(1135): CodeIgniter\View\View->render('home', [], true)
 5 APPPATH\Controllers\Home.php(41): view('home', [...])
 6 SYSTEMPATH\CodeIgniter.php(898): App\Controllers\Home->index()
 7 SYSTEMPATH\CodeIgniter.php(468): CodeIgniter\CodeIgniter->runController(Object(App\Controllers\Home))
 8 SYSTEMPATH\CodeIgniter.php(351): CodeIgniter\CodeIgniter->handleRequest(null, Object(Config\Cache), false)
 9 FCPATH\index.php(55): CodeIgniter\CodeIgniter->run()
CRITICAL - 2022-06-14 15:08:10 --> Illegal string offset 'price'
in APPPATH\Views\detail.php on line 110.
 1 APPPATH\Views\detail.php(110): CodeIgniter\Debug\Exceptions->errorHandler(2, 'Illegal string offset \'price\'', 'APPPATH\\Views\\detail.php', 110, [...])
 2 SYSTEMPATH\View\View.php(213): include('APPPATH\\Views\\detail.php')
 3 SYSTEMPATH\View\View.php(216): CodeIgniter\View\View->CodeIgniter\View\{closure}()
 4 SYSTEMPATH\Common.php(1135): CodeIgniter\View\View->render('detail', [], true)
 5 APPPATH\Controllers\Course.php(51): view('detail', [...])
 6 SYSTEMPATH\CodeIgniter.php(898): App\Controllers\Course->detail('5')
 7 SYSTEMPATH\CodeIgniter.php(468): CodeIgniter\CodeIgniter->runController(Object(App\Controllers\Course))
 8 SYSTEMPATH\CodeIgniter.php(351): CodeIgniter\CodeIgniter->handleRequest(null, Object(Config\Cache), false)
 9 FCPATH\index.php(55): CodeIgniter\CodeIgniter->run()
CRITICAL - 2022-06-14 15:09:42 --> Illegal string offset 'price'
in APPPATH\Views\detail.php on line 110.
 1 APPPATH\Views\detail.php(110): CodeIgniter\Debug\Exceptions->errorHandler(2, 'Illegal string offset \'price\'', 'APPPATH\\Views\\detail.php', 110, [...])
 2 SYSTEMPATH\View\View.php(213): include('APPPATH\\Views\\detail.php')
 3 SYSTEMPATH\View\View.php(216): CodeIgniter\View\View->CodeIgniter\View\{closure}()
 4 SYSTEMPATH\Common.php(1135): CodeIgniter\View\View->render('detail', [], true)
 5 APPPATH\Controllers\Course.php(52): view('detail', [...])
 6 SYSTEMPATH\CodeIgniter.php(898): App\Controllers\Course->detail('1')
 7 SYSTEMPATH\CodeIgniter.php(468): CodeIgniter\CodeIgniter->runController(Object(App\Controllers\Course))
 8 SYSTEMPATH\CodeIgniter.php(351): CodeIgniter\CodeIgniter->handleRequest(null, Object(Config\Cache), false)
 9 FCPATH\index.php(55): CodeIgniter\CodeIgniter->run()
CRITICAL - 2022-06-14 15:10:03 --> Illegal string offset 'price'
in APPPATH\Views\detail.php on line 108.
 1 APPPATH\Views\detail.php(108): CodeIgniter\Debug\Exceptions->errorHandler(2, 'Illegal string offset \'price\'', 'APPPATH\\Views\\detail.php', 108, [...])
 2 SYSTEMPATH\View\View.php(213): include('APPPATH\\Views\\detail.php')
 3 SYSTEMPATH\View\View.php(216): CodeIgniter\View\View->CodeIgniter\View\{closure}()
 4 SYSTEMPATH\Common.php(1135): CodeIgniter\View\View->render('detail', [], true)
 5 APPPATH\Controllers\Course.php(52): view('detail', [...])
 6 SYSTEMPATH\CodeIgniter.php(898): App\Controllers\Course->detail('1')
 7 SYSTEMPATH\CodeIgniter.php(468): CodeIgniter\CodeIgniter->runController(Object(App\Controllers\Course))
 8 SYSTEMPATH\CodeIgniter.php(351): CodeIgniter\CodeIgniter->handleRequest(null, Object(Config\Cache), false)
 9 FCPATH\index.php(55): CodeIgniter\CodeIgniter->run()
CRITICAL - 2022-06-14 15:16:59 --> Undefined variable: user
in APPPATH\Views\detail.php on line 90.
 1 APPPATH\Views\detail.php(90): CodeIgniter\Debug\Exceptions->errorHandler(8, 'Undefined variable: user', 'APPPATH\\Views\\detail.php', 90, [...])
 2 SYSTEMPATH\View\View.php(213): include('APPPATH\\Views\\detail.php')
 3 SYSTEMPATH\View\View.php(216): CodeIgniter\View\View->CodeIgniter\View\{closure}()
 4 SYSTEMPATH\Common.php(1135): CodeIgniter\View\View->render('detail', [], true)
 5 APPPATH\Controllers\Course.php(52): view('detail', [...])
 6 SYSTEMPATH\CodeIgniter.php(898): App\Controllers\Course->detail('10')
 7 SYSTEMPATH\CodeIgniter.php(468): CodeIgniter\CodeIgniter->runController(Object(App\Controllers\Course))
 8 SYSTEMPATH\CodeIgniter.php(351): CodeIgniter\CodeIgniter->handleRequest(null, Object(Config\Cache), false)
 9 FCPATH\index.php(55): CodeIgniter\CodeIgniter->run()
CRITICAL - 2022-06-14 17:58:46 --> Undefined variable: user
in APPPATH\Views\payment.php on line 99.
 1 APPPATH\Views\payment.php(99): CodeIgniter\Debug\Exceptions->errorHandler(8, 'Undefined variable: user', 'APPPATH\\Views\\payment.php', 99, [...])
 2 SYSTEMPATH\View\View.php(213): include('APPPATH\\Views\\payment.php')
 3 SYSTEMPATH\View\View.php(216): CodeIgniter\View\View->CodeIgniter\View\{closure}()
 4 SYSTEMPATH\Common.php(1135): CodeIgniter\View\View->render('payment', [], true)
 5 APPPATH\Controllers\Course.php(63): view('payment')
 6 SYSTEMPATH\CodeIgniter.php(898): App\Controllers\Course->checkout()
 7 SYSTEMPATH\CodeIgniter.php(468): CodeIgniter\CodeIgniter->runController(Object(App\Controllers\Course))
 8 SYSTEMPATH\CodeIgniter.php(351): CodeIgniter\CodeIgniter->handleRequest(null, Object(Config\Cache), false)
 9 FCPATH\index.php(55): CodeIgniter\CodeIgniter->run()
